[ 2016-05-19T15:49:35+08:00 ] ::1 /scy/
INFO: [ app_init ] --START--
INFO: Run Behavior\BuildLiteBehavior [ RunTime:0.000033s ]
INFO: [ app_init ] --END-- [ RunTime:0.030162s ]
NOTIC: [8] Use of undefined constant URL_COMPAT - assumed 'URL_COMPAT' D:\wamp\www\scy\ThinkPHP\Library\Think\Dispatcher.class.php 第 177 行.
NOTIC: [8] Use of undefined constant URL_REWRITE - assumed 'URL_REWRITE' D:\wamp\www\scy\ThinkPHP\Library\Think\Dispatcher.class.php 第 179 行.
INFO: [ app_begin ] --START--
INFO: Run Behavior\ReadHtmlCacheBehavior [ RunTime:0.001009s ]
INFO: [ app_begin ] --END-- [ RunTime:0.001183s ]

[ 2016-05-19T15:49:35+08:00 ] ::1 /scy/index.php/Login/open.html
INFO: [ app_init ] --START--
INFO: Run Behavior\BuildLiteBehavior [ RunTime:0.000033s ]
INFO: [ app_init ] --END-- [ RunTime:0.000562s ]
NOTIC: [8] Use of undefined constant URL_COMPAT - assumed 'URL_COMPAT' D:\wamp\www\scy\ThinkPHP\Library\Think\Dispatcher.class.php 第 177 行.
NOTIC: [8] Use of undefined constant URL_REWRITE - assumed 'URL_REWRITE' D:\wamp\www\scy\ThinkPHP\Library\Think\Dispatcher.class.php 第 179 行.
INFO: [ app_begin ] --START--
INFO: Run Behavior\ReadHtmlCacheBehavior [ RunTime:0.000741s ]
INFO: [ app_begin ] --END-- [ RunTime:0.000970s ]
INFO: [ view_parse ] --START--
INFO: [ template_filter ] --START--
INFO: Run Behavior\ContentReplaceBehavior [ RunTime:0.000116s ]
INFO: [ template_filter ] --END-- [ RunTime:0.000274s ]
INFO: Run Behavior\ParseTemplateBehavior [ RunTime:0.120608s ]
INFO: [ view_parse ] --END-- [ RunTime:0.120861s ]
INFO: [ view_filter ] --START--
INFO: Run Behavior\WriteHtmlCacheBehavior [ RunTime:0.008298s ]
INFO: [ view_filter ] --END-- [ RunTime:0.008450s ]
INFO: [ app_end ] --START--
INFO: Run Behavior\ShowPageTraceBehavior [ RunTime:0.010976s ]
INFO: [ app_end ] --END-- [ RunTime:0.011201s ]

[ 2016-05-19T15:49:48+08:00 ] ::1 /scy/index.php/Login/login.html
INFO: [ app_init ] --START--
INFO: Run Behavior\BuildLiteBehavior [ RunTime:0.000029s ]
INFO: [ app_init ] --END-- [ RunTime:0.000629s ]
NOTIC: [8] Use of undefined constant URL_COMPAT - assumed 'URL_COMPAT' D:\wamp\www\scy\ThinkPHP\Library\Think\Dispatcher.class.php 第 177 行.
NOTIC: [8] Use of undefined constant URL_REWRITE - assumed 'URL_REWRITE' D:\wamp\www\scy\ThinkPHP\Library\Think\Dispatcher.class.php 第 179 行.
INFO: [ app_begin ] --START--
INFO: Run Behavior\ReadHtmlCacheBehavior [ RunTime:0.000533s ]
INFO: [ app_begin ] --END-- [ RunTime:0.000639s ]
NOTIC: [8192] mysql_connect(): The mysql extension is deprecated and will be removed in the future: use mysqli or PDO instead D:\wamp\www\scy\ThinkPHP\Library\Think\Db\Driver\Mysql.class.php 第 52 行.
SQL: SHOW COLUMNS FROM `user` [ RunTime:0.122378s ]
SQL: SELECT `id`,`password` FROM `user` WHERE `account` = '小雨' LIMIT 1   [ RunTime:0.042671s ]
INFO: [ app_end ] --START--
INFO: Run Behavior\ShowPageTraceBehavior [ RunTime:0.001165s ]
INFO: [ app_end ] --END-- [ RunTime:0.001395s ]

[ 2016-05-19T15:49:48+08:00 ] ::1 /scy/index.php/Index/index.html
INFO: [ app_init ] --START--
INFO: Run Behavior\BuildLiteBehavior [ RunTime:0.000033s ]
INFO: [ app_init ] --END-- [ RunTime:0.000652s ]
NOTIC: [8] Use of undefined constant URL_COMPAT - assumed 'URL_COMPAT' D:\wamp\www\scy\ThinkPHP\Library\Think\Dispatcher.class.php 第 177 行.
NOTIC: [8] Use of undefined constant URL_REWRITE - assumed 'URL_REWRITE' D:\wamp\www\scy\ThinkPHP\Library\Think\Dispatcher.class.php 第 179 行.
INFO: [ app_begin ] --START--
INFO: Run Behavior\ReadHtmlCacheBehavior [ RunTime:0.000768s ]
INFO: [ app_begin ] --END-- [ RunTime:0.000976s ]
NOTIC: [8] Undefined index: bb D:\wamp\www\scy\Application\Home\Controller\IndexController.class.php 第 11 行.
NOTIC: [8192] mysql_connect(): The mysql extension is deprecated and will be removed in the future: use mysqli or PDO instead D:\wamp\www\scy\ThinkPHP\Library\Think\Db\Driver\Mysql.class.php 第 52 行.
SQL: SHOW COLUMNS FROM `article` [ RunTime:0.053646s ]
SQL: SELECT * FROM `article`  [ RunTime:0.012051s ]
SQL: SHOW COLUMNS FROM `comment` [ RunTime:0.013692s ]
SQL: SELECT COUNT(*) AS tp_count FROM `comment` WHERE ( art_id=1 ) LIMIT 1   [ RunTime:0.028827s ]
SQL: SELECT COUNT(*) AS tp_count FROM `comment` WHERE ( art_id=2 ) LIMIT 1   [ RunTime:0.000361s ]
SQL: SELECT COUNT(*) AS tp_count FROM `comment` WHERE ( art_id=3 ) LIMIT 1   [ RunTime:0.000385s ]
SQL: SELECT COUNT(*) AS tp_count FROM `comment` WHERE ( art_id=4 ) LIMIT 1   [ RunTime:0.000402s ]
SQL: SELECT COUNT(*) AS tp_count FROM `comment` WHERE ( art_id=5 ) LIMIT 1   [ RunTime:0.000262s ]
SQL: SELECT COUNT(*) AS tp_count FROM `comment` WHERE ( art_id=6 ) LIMIT 1   [ RunTime:0.000360s ]
SQL: SELECT COUNT(*) AS tp_count FROM `comment` WHERE ( art_id=7 ) LIMIT 1   [ RunTime:0.000319s ]
SQL: SELECT COUNT(*) AS tp_count FROM `comment` WHERE ( art_id=8 ) LIMIT 1   [ RunTime:0.000285s ]
INFO: [ view_parse ] --START--
INFO: [ template_filter ] --START--
INFO: Run Behavior\ContentReplaceBehavior [ RunTime:0.000120s ]
INFO: [ template_filter ] --END-- [ RunTime:0.000261s ]
NOTIC: [8] Undefined index: mytitle D:\wamp\www\scy\Application\Runtime\Cache\Home\2a94b8bda04ff446dcedd42276fc99ee.php 第 94 行.
INFO: Run Behavior\ParseTemplateBehavior [ RunTime:0.080275s ]
INFO: [ view_parse ] --END-- [ RunTime:0.080430s ]
INFO: [ view_filter ] --START--
INFO: Run Behavior\WriteHtmlCacheBehavior [ RunTime:0.000547s ]
INFO: [ view_filter ] --END-- [ RunTime:0.000667s ]
INFO: [ app_end ] --START--
INFO: Run Behavior\ShowPageTraceBehavior [ RunTime:0.000717s ]
INFO: [ app_end ] --END-- [ RunTime:0.000856s ]

[ 2016-05-19T15:50:03+08:00 ] ::1 /scy/index.php/Index/index.html/bb/%E4%BD%A0%E5%A5%BD
INFO: [ app_init ] --START--
INFO: Run Behavior\BuildLiteBehavior [ RunTime:0.000031s ]
INFO: [ app_init ] --END-- [ RunTime:0.000601s ]
NOTIC: [8] Use of undefined constant URL_COMPAT - assumed 'URL_COMPAT' D:\wamp\www\scy\ThinkPHP\Library\Think\Dispatcher.class.php 第 177 行.
NOTIC: [8] Use of undefined constant URL_REWRITE - assumed 'URL_REWRITE' D:\wamp\www\scy\ThinkPHP\Library\Think\Dispatcher.class.php 第 179 行.
INFO: [ app_begin ] --START--
INFO: Run Behavior\ReadHtmlCacheBehavior [ RunTime:0.000745s ]
INFO: [ app_begin ] --END-- [ RunTime:0.000887s ]
ERR: 非法操作:index.html

[ 2016-05-19T16:24:46+08:00 ] ::1 /scy/index.php/Read/read.html?id=2
INFO: [ app_init ] --START--
INFO: Run Behavior\BuildLiteBehavior [ RunTime:0.000107s ]
INFO: [ app_init ] --END-- [ RunTime:0.001311s ]
NOTIC: [8] Use of undefined constant URL_COMPAT - assumed 'URL_COMPAT' D:\wamp\www\scy\ThinkPHP\Library\Think\Dispatcher.class.php 第 177 行.
NOTIC: [8] Use of undefined constant URL_REWRITE - assumed 'URL_REWRITE' D:\wamp\www\scy\ThinkPHP\Library\Think\Dispatcher.class.php 第 179 行.
INFO: [ app_begin ] --START--
INFO: Run Behavior\ReadHtmlCacheBehavior [ RunTime:0.001462s ]
INFO: [ app_begin ] --END-- [ RunTime:0.001918s ]
NOTIC: [8192] mysql_connect(): The mysql extension is deprecated and will be removed in the future: use mysqli or PDO instead D:\wamp\www\scy\ThinkPHP\Library\Think\Db\Driver\Mysql.class.php 第 52 行.
SQL: SHOW COLUMNS FROM `article` [ RunTime:0.007873s ]
SQL: SHOW COLUMNS FROM `commtent` [ RunTime:0.011742s ]
ERR: 1146:La table 'scy.commtent' n'existe pas
 [ SQL语句 ] : SHOW COLUMNS FROM `commtent`
SQL: SELECT * FROM `commtent`  [ RunTime:0.000455s ]
ERR: 1146:La table 'scy.commtent' n'existe pas
 [ SQL语句 ] : SELECT * FROM `commtent` 
SQL: SELECT * FROM `article` WHERE `id` = 2  [ RunTime:0.000897s ]
SQL: SHOW COLUMNS FROM `message` [ RunTime:0.039559s ]
SQL: SELECT * FROM `message` WHERE `id` = 2 AND `root_id` IS NULL ORDER BY create_time desc LIMIT 0,10   [ RunTime:0.000559s ]
INFO: [ view_parse ] --START--
INFO: [ template_filter ] --START--
INFO: Run Behavior\ContentReplaceBehavior [ RunTime:0.000128s ]
INFO: [ template_filter ] --END-- [ RunTime:0.000259s ]
INFO: Run Behavior\ParseTemplateBehavior [ RunTime:0.026670s ]
INFO: [ view_parse ] --END-- [ RunTime:0.026818s ]
INFO: [ view_filter ] --START--
INFO: Run Behavior\WriteHtmlCacheBehavior [ RunTime:0.000518s ]
INFO: [ view_filter ] --END-- [ RunTime:0.000650s ]
INFO: [ app_end ] --START--
INFO: Run Behavior\ShowPageTraceBehavior [ RunTime:0.000656s ]
INFO: [ app_end ] --END-- [ RunTime:0.000799s ]

[ 2016-05-19T16:24:56+08:00 ] ::1 /scy/index.php/Message/publish_message.html
INFO: [ app_init ] --START--
INFO: Run Behavior\BuildLiteBehavior [ RunTime:0.000033s ]
INFO: [ app_init ] --END-- [ RunTime:0.000673s ]
NOTIC: [8] Use of undefined constant URL_COMPAT - assumed 'URL_COMPAT' D:\wamp\www\scy\ThinkPHP\Library\Think\Dispatcher.class.php 第 177 行.
NOTIC: [8] Use of undefined constant URL_REWRITE - assumed 'URL_REWRITE' D:\wamp\www\scy\ThinkPHP\Library\Think\Dispatcher.class.php 第 179 行.
INFO: [ app_begin ] --START--
INFO: Run Behavior\ReadHtmlCacheBehavior [ RunTime:0.000606s ]
INFO: [ app_begin ] --END-- [ RunTime:0.000711s ]
NOTIC: [8192] mysql_connect(): The mysql extension is deprecated and will be removed in the future: use mysqli or PDO instead D:\wamp\www\scy\ThinkPHP\Library\Think\Db\Driver\Mysql.class.php 第 52 行.
SQL: SHOW COLUMNS FROM `message` [ RunTime:0.004779s ]
SQL: INSERT INTO `message` (`content`,`publish_u_id`,`reply_u_id`,`root_id`) VALUES ('你好',11,null,null) [ RunTime:0.119785s ]
INFO: [ app_end ] --START--
INFO: Run Behavior\ShowPageTraceBehavior [ RunTime:0.001942s ]
INFO: [ app_end ] --END-- [ RunTime:0.002287s ]

[ 2016-05-19T16:24:59+08:00 ] ::1 /scy/index.php/Read/read.html?id=2
INFO: [ app_init ] --START--
INFO: Run Behavior\BuildLiteBehavior [ RunTime:0.000102s ]
INFO: [ app_init ] --END-- [ RunTime:0.001854s ]
NOTIC: [8] Use of undefined constant URL_COMPAT - assumed 'URL_COMPAT' D:\wamp\www\scy\ThinkPHP\Library\Think\Dispatcher.class.php 第 177 行.
NOTIC: [8] Use of undefined constant URL_REWRITE - assumed 'URL_REWRITE' D:\wamp\www\scy\ThinkPHP\Library\Think\Dispatcher.class.php 第 179 行.
INFO: [ app_begin ] --START--
INFO: Run Behavior\ReadHtmlCacheBehavior [ RunTime:0.000576s ]
INFO: [ app_begin ] --END-- [ RunTime:0.000705s ]
NOTIC: [8192] mysql_connect(): The mysql extension is deprecated and will be removed in the future: use mysqli or PDO instead D:\wamp\www\scy\ThinkPHP\Library\Think\Db\Driver\Mysql.class.php 第 52 行.
SQL: SHOW COLUMNS FROM `article` [ RunTime:0.004762s ]
SQL: SHOW COLUMNS FROM `commtent` [ RunTime:0.005370s ]
ERR: 1146:La table 'scy.commtent' n'existe pas
 [ SQL语句 ] : SHOW COLUMNS FROM `commtent`
SQL: SELECT * FROM `commtent`  [ RunTime:0.000432s ]
ERR: 1146:La table 'scy.commtent' n'existe pas
 [ SQL语句 ] : SELECT * FROM `commtent` 
SQL: SELECT * FROM `article` WHERE `id` = 2  [ RunTime:0.000374s ]
SQL: SHOW COLUMNS FROM `message` [ RunTime:0.004434s ]
SQL: SELECT * FROM `message` WHERE `id` = 2 AND `root_id` IS NULL ORDER BY create_time desc LIMIT 0,10   [ RunTime:0.000363s ]
INFO: [ view_parse ] --START--
INFO: [ template_filter ] --START--
INFO: Run Behavior\ContentReplaceBehavior [ RunTime:0.000132s ]
INFO: [ template_filter ] --END-- [ RunTime:0.000277s ]
INFO: Run Behavior\ParseTemplateBehavior [ RunTime:0.049395s ]
INFO: [ view_parse ] --END-- [ RunTime:0.049546s ]
INFO: [ view_filter ] --START--
INFO: Run Behavior\WriteHtmlCacheBehavior [ RunTime:0.000459s ]
INFO: [ view_filter ] --END-- [ RunTime:0.000597s ]
INFO: [ app_end ] --START--
INFO: Run Behavior\ShowPageTraceBehavior [ RunTime:0.000604s ]
INFO: [ app_end ] --END-- [ RunTime:0.000745s ]

[ 2016-05-19T16:25:04+08:00 ] ::1 /scy/index.php/Message/gustbook.html
INFO: [ app_init ] --START--
INFO: Run Behavior\BuildLiteBehavior [ RunTime:0.000029s ]
INFO: [ app_init ] --END-- [ RunTime:0.000643s ]
NOTIC: [8] Use of undefined constant URL_COMPAT - assumed 'URL_COMPAT' D:\wamp\www\scy\ThinkPHP\Library\Think\Dispatcher.class.php 第 177 行.
NOTIC: [8] Use of undefined constant URL_REWRITE - assumed 'URL_REWRITE' D:\wamp\www\scy\ThinkPHP\Library\Think\Dispatcher.class.php 第 179 行.
INFO: [ app_begin ] --START--
INFO: Run Behavior\ReadHtmlCacheBehavior [ RunTime:0.000712s ]
INFO: [ app_begin ] --END-- [ RunTime:0.000850s ]
NOTIC: [8192] mysql_connect(): The mysql extension is deprecated and will be removed in the future: use mysqli or PDO instead D:\wamp\www\scy\ThinkPHP\Library\Think\Db\Driver\Mysql.class.php 第 52 行.
SQL: SHOW COLUMNS FROM `message` [ RunTime:0.005928s ]
SQL: SELECT * FROM `message` WHERE `root_id` IS NULL ORDER BY create_time desc LIMIT 0,10   [ RunTime:0.046022s ]
SQL: SELECT * FROM `message` WHERE `root_id` = 20 ORDER BY create_time  [ RunTime:0.000467s ]
SQL: SELECT * FROM `message` WHERE `root_id` = 19 ORDER BY create_time  [ RunTime:0.000758s ]
SQL: SELECT * FROM `message` WHERE `root_id` = 17 ORDER BY create_time  [ RunTime:0.000418s ]
SQL: SELECT * FROM `message` WHERE `root_id` = 16 ORDER BY create_time  [ RunTime:0.000485s ]
SQL: SELECT * FROM `message` WHERE `root_id` = 14 ORDER BY create_time  [ RunTime:0.000357s ]
SQL: SELECT * FROM `message` WHERE `root_id` = 13 ORDER BY create_time  [ RunTime:0.000372s ]
SQL: SELECT * FROM `message` WHERE `root_id` = 12 ORDER BY create_time  [ RunTime:0.000419s ]
SQL: SELECT * FROM `message` WHERE `root_id` = 7 ORDER BY create_time  [ RunTime:0.000584s ]
SQL: SELECT * FROM `message` WHERE `root_id` = 4 ORDER BY create_time  [ RunTime:0.000337s ]
SQL: SELECT * FROM `message` WHERE `root_id` = 1 ORDER BY create_time  [ RunTime:0.000327s ]
INFO: [ view_parse ] --START--
INFO: [ template_filter ] --START--
INFO: Run Behavior\ContentReplaceBehavior [ RunTime:0.000151s ]
INFO: [ template_filter ] --END-- [ RunTime:0.000311s ]
INFO: Run Behavior\ParseTemplateBehavior [ RunTime:0.023514s ]
INFO: [ view_parse ] --END-- [ RunTime:0.023705s ]
INFO: [ view_filter ] --START--
INFO: Run Behavior\WriteHtmlCacheBehavior [ RunTime:0.000594s ]
INFO: [ view_filter ] --END-- [ RunTime:0.000714s ]
INFO: [ app_end ] --START--
INFO: Run Behavior\ShowPageTraceBehavior [ RunTime:0.000858s ]
INFO: [ app_end ] --END-- [ RunTime:0.001071s ]

[ 2016-05-19T16:25:14+08:00 ] ::1 /scy/index.php/Message/publish_message.html
INFO: [ app_init ] --START--
INFO: Run Behavior\BuildLiteBehavior [ RunTime:0.000053s ]
INFO: [ app_init ] --END-- [ RunTime:0.001018s ]
NOTIC: [8] Use of undefined constant URL_COMPAT - assumed 'URL_COMPAT' D:\wamp\www\scy\ThinkPHP\Library\Think\Dispatcher.class.php 第 177 行.
NOTIC: [8] Use of undefined constant URL_REWRITE - assumed 'URL_REWRITE' D:\wamp\www\scy\ThinkPHP\Library\Think\Dispatcher.class.php 第 179 行.
INFO: [ app_begin ] --START--
INFO: Run Behavior\ReadHtmlCacheBehavior [ RunTime:0.000622s ]
INFO: [ app_begin ] --END-- [ RunTime:0.000760s ]
NOTIC: [8192] mysql_connect(): The mysql extension is deprecated and will be removed in the future: use mysqli or PDO instead D:\wamp\www\scy\ThinkPHP\Library\Think\Db\Driver\Mysql.class.php 第 52 行.
SQL: SHOW COLUMNS FROM `message` [ RunTime:0.004804s ]
SQL: INSERT INTO `message` (`content`,`publish_u_id`,`reply_u_id`,`root_id`) VALUES ('回复 20:你好',11,11,20) [ RunTime:0.154191s ]
INFO: [ app_end ] --START--
INFO: Run Behavior\ShowPageTraceBehavior [ RunTime:0.000992s ]
INFO: [ app_end ] --END-- [ RunTime:0.001168s ]

[ 2016-05-19T16:25:16+08:00 ] ::1 /scy/index.php/Message/gustbook.html
INFO: [ app_init ] --START--
INFO: Run Behavior\BuildLiteBehavior [ RunTime:0.000072s ]
INFO: [ app_init ] --END-- [ RunTime:0.001813s ]
NOTIC: [8] Use of undefined constant URL_COMPAT - assumed 'URL_COMPAT' D:\wamp\www\scy\ThinkPHP\Library\Think\Dispatcher.class.php 第 177 行.
NOTIC: [8] Use of undefined constant URL_REWRITE - assumed 'URL_REWRITE' D:\wamp\www\scy\ThinkPHP\Library\Think\Dispatcher.class.php 第 179 行.
INFO: [ app_begin ] --START--
INFO: Run Behavior\ReadHtmlCacheBehavior [ RunTime:0.000647s ]
INFO: [ app_begin ] --END-- [ RunTime:0.000795s ]
NOTIC: [8192] mysql_connect(): The mysql extension is deprecated and will be removed in the future: use mysqli or PDO instead D:\wamp\www\scy\ThinkPHP\Library\Think\Db\Driver\Mysql.class.php 第 52 行.
SQL: SHOW COLUMNS FROM `message` [ RunTime:0.010599s ]
SQL: SELECT * FROM `message` WHERE `root_id` IS NULL ORDER BY create_time desc LIMIT 0,10   [ RunTime:0.000497s ]
SQL: SELECT * FROM `message` WHERE `root_id` = 20 ORDER BY create_time  [ RunTime:0.000422s ]
SQL: SELECT * FROM `message` WHERE `root_id` = 19 ORDER BY create_time  [ RunTime:0.000411s ]
SQL: SELECT * FROM `message` WHERE `root_id` = 17 ORDER BY create_time  [ RunTime:0.000309s ]
SQL: SELECT * FROM `message` WHERE `root_id` = 16 ORDER BY create_time  [ RunTime:0.000356s ]
SQL: SELECT * FROM `message` WHERE `root_id` = 14 ORDER BY create_time  [ RunTime:0.000297s ]
SQL: SELECT * FROM `message` WHERE `root_id` = 13 ORDER BY create_time  [ RunTime:0.000288s ]
SQL: SELECT * FROM `message` WHERE `root_id` = 12 ORDER BY create_time  [ RunTime:0.000302s ]
SQL: SELECT * FROM `message` WHERE `root_id` = 7 ORDER BY create_time  [ RunTime:0.000371s ]
SQL: SELECT * FROM `message` WHERE `root_id` = 4 ORDER BY create_time  [ RunTime:0.000592s ]
SQL: SELECT * FROM `message` WHERE `root_id` = 1 ORDER BY create_time  [ RunTime:0.000336s ]
INFO: [ view_parse ] --START--
INFO: [ template_filter ] --START--
INFO: Run Behavior\ContentReplaceBehavior [ RunTime:0.000148s ]
INFO: [ template_filter ] --END-- [ RunTime:0.000297s ]
INFO: Run Behavior\ParseTemplateBehavior [ RunTime:0.012337s ]
INFO: [ view_parse ] --END-- [ RunTime:0.012494s ]
INFO: [ view_filter ] --START--
INFO: Run Behavior\WriteHtmlCacheBehavior [ RunTime:0.000512s ]
INFO: [ view_filter ] --END-- [ RunTime:0.000731s ]
INFO: [ app_end ] --START--
INFO: Run Behavior\ShowPageTraceBehavior [ RunTime:0.001071s ]
INFO: [ app_end ] --END-- [ RunTime:0.001358s ]

[ 2016-05-19T16:25:17+08:00 ] ::1 /scy/index.php/About/about.html
INFO: [ app_init ] --START--
INFO: Run Behavior\BuildLiteBehavior [ RunTime:0.000032s ]
INFO: [ app_init ] --END-- [ RunTime:0.000561s ]
NOTIC: [8] Use of undefined constant URL_COMPAT - assumed 'URL_COMPAT' D:\wamp\www\scy\ThinkPHP\Library\Think\Dispatcher.class.php 第 177 行.
NOTIC: [8] Use of undefined constant URL_REWRITE - assumed 'URL_REWRITE' D:\wamp\www\scy\ThinkPHP\Library\Think\Dispatcher.class.php 第 179 行.
INFO: [ app_begin ] --START--
INFO: Run Behavior\ReadHtmlCacheBehavior [ RunTime:0.000552s ]
INFO: [ app_begin ] --END-- [ RunTime:0.000693s ]
INFO: [ view_parse ] --START--
INFO: [ template_filter ] --START--
INFO: Run Behavior\ContentReplaceBehavior [ RunTime:0.000108s ]
INFO: [ template_filter ] --END-- [ RunTime:0.000253s ]
NOTIC: [8] Undefined variable: list D:\wamp\www\scy\Application\Runtime\Cache\Home\4bf4e1e3af3889722eec884187d3bbbd.php 第 33 行.
NOTIC: [8] Undefined variable: list D:\wamp\www\scy\Application\Runtime\Cache\Home\4bf4e1e3af3889722eec884187d3bbbd.php 第 34 行.
INFO: Run Behavior\ParseTemplateBehavior [ RunTime:0.083008s ]
INFO: [ view_parse ] --END-- [ RunTime:0.083220s ]
INFO: [ view_filter ] --START--
INFO: Run Behavior\WriteHtmlCacheBehavior [ RunTime:0.000593s ]
INFO: [ view_filter ] --END-- [ RunTime:0.000747s ]
INFO: [ app_end ] --START--
INFO: Run Behavior\ShowPageTraceBehavior [ RunTime:0.000617s ]
INFO: [ app_end ] --END-- [ RunTime:0.000741s ]

[ 2016-05-19T16:25:19+08:00 ] ::1 /scy/index.php/Index/index.html
INFO: [ app_init ] --START--
INFO: Run Behavior\BuildLiteBehavior [ RunTime:0.000030s ]
INFO: [ app_init ] --END-- [ RunTime:0.000587s ]
NOTIC: [8] Use of undefined constant URL_COMPAT - assumed 'URL_COMPAT' D:\wamp\www\scy\ThinkPHP\Library\Think\Dispatcher.class.php 第 177 行.
NOTIC: [8] Use of undefined constant URL_REWRITE - assumed 'URL_REWRITE' D:\wamp\www\scy\ThinkPHP\Library\Think\Dispatcher.class.php 第 179 行.
INFO: [ app_begin ] --START--
INFO: Run Behavior\ReadHtmlCacheBehavior [ RunTime:0.000652s ]
INFO: [ app_begin ] --END-- [ RunTime:0.000842s ]
NOTIC: [8] Undefined index: bb D:\wamp\www\scy\Application\Home\Controller\IndexController.class.php 第 11 行.
NOTIC: [8192] mysql_connect(): The mysql extension is deprecated and will be removed in the future: use mysqli or PDO instead D:\wamp\www\scy\ThinkPHP\Library\Think\Db\Driver\Mysql.class.php 第 52 行.
SQL: SHOW COLUMNS FROM `article` [ RunTime:0.005232s ]
SQL: SELECT * FROM `article`  [ RunTime:0.000633s ]
SQL: SHOW COLUMNS FROM `comment` [ RunTime:0.005039s ]
SQL: SELECT COUNT(*) AS tp_count FROM `comment` WHERE ( art_id=1 ) LIMIT 1   [ RunTime:0.000403s ]
SQL: SELECT COUNT(*) AS tp_count FROM `comment` WHERE ( art_id=2 ) LIMIT 1   [ RunTime:0.000257s ]
SQL: SELECT COUNT(*) AS tp_count FROM `comment` WHERE ( art_id=3 ) LIMIT 1   [ RunTime:0.000293s ]
SQL: SELECT COUNT(*) AS tp_count FROM `comment` WHERE ( art_id=4 ) LIMIT 1   [ RunTime:0.000253s ]
SQL: SELECT COUNT(*) AS tp_count FROM `comment` WHERE ( art_id=5 ) LIMIT 1   [ RunTime:0.000235s ]
SQL: SELECT COUNT(*) AS tp_count FROM `comment` WHERE ( art_id=6 ) LIMIT 1   [ RunTime:0.000247s ]
SQL: SELECT COUNT(*) AS tp_count FROM `comment` WHERE ( art_id=7 ) LIMIT 1   [ RunTime:0.000278s ]
SQL: SELECT COUNT(*) AS tp_count FROM `comment` WHERE ( art_id=8 ) LIMIT 1   [ RunTime:0.000259s ]
INFO: [ view_parse ] --START--
INFO: [ template_filter ] --START--
INFO: Run Behavior\ContentReplaceBehavior [ RunTime:0.000148s ]
INFO: [ template_filter ] --END-- [ RunTime:0.000289s ]
NOTIC: [8] Undefined index: mytitle D:\wamp\www\scy\Application\Runtime\Cache\Home\2a94b8bda04ff446dcedd42276fc99ee.php 第 94 行.
INFO: Run Behavior\ParseTemplateBehavior [ RunTime:0.017490s ]
INFO: [ view_parse ] --END-- [ RunTime:0.017628s ]
INFO: [ view_filter ] --START--
INFO: Run Behavior\WriteHtmlCacheBehavior [ RunTime:0.000540s ]
INFO: [ view_filter ] --END-- [ RunTime:0.000667s ]
INFO: [ app_end ] --START--
INFO: Run Behavior\ShowPageTraceBehavior [ RunTime:0.000613s ]
INFO: [ app_end ] --END-- [ RunTime:0.000793s ]

[ 2016-05-19T16:25:22+08:00 ] ::1 /scy/index.php/Read/read.html?id=2
INFO: [ app_init ] --START--
INFO: Run Behavior\BuildLiteBehavior [ RunTime:0.000071s ]
INFO: [ app_init ] --END-- [ RunTime:0.001046s ]
NOTIC: [8] Use of undefined constant URL_COMPAT - assumed 'URL_COMPAT' D:\wamp\www\scy\ThinkPHP\Library\Think\Dispatcher.class.php 第 177 行.
NOTIC: [8] Use of undefined constant URL_REWRITE - assumed 'URL_REWRITE' D:\wamp\www\scy\ThinkPHP\Library\Think\Dispatcher.class.php 第 179 行.
INFO: [ app_begin ] --START--
INFO: Run Behavior\ReadHtmlCacheBehavior [ RunTime:0.001046s ]
INFO: [ app_begin ] --END-- [ RunTime:0.001261s ]
NOTIC: [8192] mysql_connect(): The mysql extension is deprecated and will be removed in the future: use mysqli or PDO instead D:\wamp\www\scy\ThinkPHP\Library\Think\Db\Driver\Mysql.class.php 第 52 行.
SQL: SHOW COLUMNS FROM `article` [ RunTime:0.004628s ]
SQL: SHOW COLUMNS FROM `commtent` [ RunTime:0.005471s ]
ERR: 1146:La table 'scy.commtent' n'existe pas
 [ SQL语句 ] : SHOW COLUMNS FROM `commtent`
SQL: SELECT * FROM `commtent`  [ RunTime:0.000824s ]
ERR: 1146:La table 'scy.commtent' n'existe pas
 [ SQL语句 ] : SELECT * FROM `commtent` 
SQL: SELECT * FROM `article` WHERE `id` = 2  [ RunTime:0.000384s ]
SQL: SHOW COLUMNS FROM `message` [ RunTime:0.004711s ]
SQL: SELECT * FROM `message` WHERE `id` = 2 AND `root_id` IS NULL ORDER BY create_time desc LIMIT 0,10   [ RunTime:0.000359s ]
INFO: [ view_parse ] --START--
INFO: [ template_filter ] --START--
INFO: Run Behavior\ContentReplaceBehavior [ RunTime:0.000130s ]
INFO: [ template_filter ] --END-- [ RunTime:0.000263s ]
INFO: Run Behavior\ParseTemplateBehavior [ RunTime:0.014459s ]
INFO: [ view_parse ] --END-- [ RunTime:0.014633s ]
INFO: [ view_filter ] --START--
INFO: Run Behavior\WriteHtmlCacheBehavior [ RunTime:0.000475s ]
INFO: [ view_filter ] --END-- [ RunTime:0.000598s ]
INFO: [ app_end ] --START--
INFO: Run Behavior\ShowPageTraceBehavior [ RunTime:0.000726s ]
INFO: [ app_end ] --END-- [ RunTime:0.000851s ]

[ 2016-05-19T16:25:26+08:00 ] ::1 /scy/index.php/Read/read.html?id=2
INFO: [ app_init ] --START--
INFO: Run Behavior\BuildLiteBehavior [ RunTime:0.000029s ]
INFO: [ app_init ] --END-- [ RunTime:0.000606s ]
NOTIC: [8] Use of undefined constant URL_COMPAT - assumed 'URL_COMPAT' D:\wamp\www\scy\ThinkPHP\Library\Think\Dispatcher.class.php 第 177 行.
NOTIC: [8] Use of undefined constant URL_REWRITE - assumed 'URL_REWRITE' D:\wamp\www\scy\ThinkPHP\Library\Think\Dispatcher.class.php 第 179 行.
INFO: [ app_begin ] --START--
INFO: Run Behavior\ReadHtmlCacheBehavior [ RunTime:0.000616s ]
INFO: [ app_begin ] --END-- [ RunTime:0.000743s ]
NOTIC: [8192] mysql_connect(): The mysql extension is deprecated and will be removed in the future: use mysqli or PDO instead D:\wamp\www\scy\ThinkPHP\Library\Think\Db\Driver\Mysql.class.php 第 52 行.
SQL: SHOW COLUMNS FROM `article` [ RunTime:0.005965s ]
SQL: SHOW COLUMNS FROM `commtent` [ RunTime:0.004138s ]
ERR: 1146:La table 'scy.commtent' n'existe pas
 [ SQL语句 ] : SHOW COLUMNS FROM `commtent`
SQL: SELECT * FROM `commtent`  [ RunTime:0.000360s ]
ERR: 1146:La table 'scy.commtent' n'existe pas
 [ SQL语句 ] : SELECT * FROM `commtent` 
SQL: SELECT * FROM `article` WHERE `id` = 2  [ RunTime:0.000352s ]
SQL: SHOW COLUMNS FROM `message` [ RunTime:0.004775s ]
SQL: SELECT * FROM `message` WHERE `id` = 2 AND `root_id` IS NULL ORDER BY create_time desc LIMIT 0,10   [ RunTime:0.000652s ]
INFO: [ view_parse ] --START--
INFO: [ template_filter ] --START--
INFO: Run Behavior\ContentReplaceBehavior [ RunTime:0.000294s ]
INFO: [ template_filter ] --END-- [ RunTime:0.000556s ]
INFO: Run Behavior\ParseTemplateBehavior [ RunTime:0.013211s ]
INFO: [ view_parse ] --END-- [ RunTime:0.013373s ]
INFO: [ view_filter ] --START--
INFO: Run Behavior\WriteHtmlCacheBehavior [ RunTime:0.000539s ]
INFO: [ view_filter ] --END-- [ RunTime:0.000739s ]
INFO: [ app_end ] --START--
INFO: Run Behavior\ShowPageTraceBehavior [ RunTime:0.000678s ]
INFO: [ app_end ] --END-- [ RunTime:0.000825s ]

[ 2016-05-19T16:25:27+08:00 ] ::1 /scy/index.php/About/about.html
INFO: [ app_init ] --START--
INFO: Run Behavior\BuildLiteBehavior [ RunTime:0.000036s ]
INFO: [ app_init ] --END-- [ RunTime:0.000690s ]
NOTIC: [8] Use of undefined constant URL_COMPAT - assumed 'URL_COMPAT' D:\wamp\www\scy\ThinkPHP\Library\Think\Dispatcher.class.php 第 177 行.
NOTIC: [8] Use of undefined constant URL_REWRITE - assumed 'URL_REWRITE' D:\wamp\www\scy\ThinkPHP\Library\Think\Dispatcher.class.php 第 179 行.
INFO: [ app_begin ] --START--
INFO: Run Behavior\ReadHtmlCacheBehavior [ RunTime:0.001382s ]
INFO: [ app_begin ] --END-- [ RunTime:0.001533s ]
INFO: [ view_parse ] --START--
INFO: [ template_filter ] --START--
INFO: Run Behavior\ContentReplaceBehavior [ RunTime:0.000093s ]
INFO: [ template_filter ] --END-- [ RunTime:0.000227s ]
NOTIC: [8] Undefined variable: list D:\wamp\www\scy\Application\Runtime\Cache\Home\4bf4e1e3af3889722eec884187d3bbbd.php 第 33 行.
NOTIC: [8] Undefined variable: list D:\wamp\www\scy\Application\Runtime\Cache\Home\4bf4e1e3af3889722eec884187d3bbbd.php 第 34 行.
INFO: Run Behavior\ParseTemplateBehavior [ RunTime:0.010574s ]
INFO: [ view_parse ] --END-- [ RunTime:0.010729s ]
INFO: [ view_filter ] --START--
INFO: Run Behavior\WriteHtmlCacheBehavior [ RunTime:0.000550s ]
INFO: [ view_filter ] --END-- [ RunTime:0.000683s ]
INFO: [ app_end ] --START--
INFO: Run Behavior\ShowPageTraceBehavior [ RunTime:0.000631s ]
INFO: [ app_end ] --END-- [ RunTime:0.000756s ]

[ 2016-05-19T16:25:29+08:00 ] ::1 /scy/index.php/Briefly/doing.html
INFO: [ app_init ] --START--
INFO: Run Behavior\BuildLiteBehavior [ RunTime:0.000029s ]
INFO: [ app_init ] --END-- [ RunTime:0.000615s ]
NOTIC: [8] Use of undefined constant URL_COMPAT - assumed 'URL_COMPAT' D:\wamp\www\scy\ThinkPHP\Library\Think\Dispatcher.class.php 第 177 行.
NOTIC: [8] Use of undefined constant URL_REWRITE - assumed 'URL_REWRITE' D:\wamp\www\scy\ThinkPHP\Library\Think\Dispatcher.class.php 第 179 行.
INFO: [ app_begin ] --START--
INFO: Run Behavior\ReadHtmlCacheBehavior [ RunTime:0.000599s ]
INFO: [ app_begin ] --END-- [ RunTime:0.000730s ]
INFO: [ view_parse ] --START--
INFO: [ template_filter ] --START--
INFO: Run Behavior\ContentReplaceBehavior [ RunTime:0.000126s ]
INFO: [ template_filter ] --END-- [ RunTime:0.000290s ]
INFO: Run Behavior\ParseTemplateBehavior [ RunTime:0.038803s ]
INFO: [ view_parse ] --END-- [ RunTime:0.038942s ]
INFO: [ view_filter ] --START--
INFO: Run Behavior\WriteHtmlCacheBehavior [ RunTime:0.000452s ]
INFO: [ view_filter ] --END-- [ RunTime:0.000572s ]
INFO: [ app_end ] --START--
INFO: Run Behavior\ShowPageTraceBehavior [ RunTime:0.001169s ]
INFO: [ app_end ] --END-- [ RunTime:0.001387s ]

[ 2016-05-19T16:25:31+08:00 ] ::1 /scy/index.php/Share/share.html
INFO: [ app_init ] --START--
INFO: Run Behavior\BuildLiteBehavior [ RunTime:0.000038s ]
INFO: [ app_init ] --END-- [ RunTime:0.000923s ]
NOTIC: [8] Use of undefined constant URL_COMPAT - assumed 'URL_COMPAT' D:\wamp\www\scy\ThinkPHP\Library\Think\Dispatcher.class.php 第 177 行.
NOTIC: [8] Use of undefined constant URL_REWRITE - assumed 'URL_REWRITE' D:\wamp\www\scy\ThinkPHP\Library\Think\Dispatcher.class.php 第 179 行.
INFO: [ app_begin ] --START--
INFO: Run Behavior\ReadHtmlCacheBehavior [ RunTime:0.000643s ]
INFO: [ app_begin ] --END-- [ RunTime:0.000772s ]
NOTIC: [8192] mysql_connect(): The mysql extension is deprecated and will be removed in the future: use mysqli or PDO instead D:\wamp\www\scy\ThinkPHP\Library\Think\Db\Driver\Mysql.class.php 第 52 行.
SQL: SHOW COLUMNS FROM `article` [ RunTime:0.006472s ]
SQL: SELECT * FROM `article`  [ RunTime:0.000495s ]
INFO: [ view_parse ] --START--
INFO: [ template_filter ] --START--
INFO: Run Behavior\ContentReplaceBehavior [ RunTime:0.000112s ]
INFO: [ template_filter ] --END-- [ RunTime:0.000254s ]
INFO: Run Behavior\ParseTemplateBehavior [ RunTime:0.012686s ]
INFO: [ view_parse ] --END-- [ RunTime:0.012835s ]
INFO: [ view_filter ] --START--
INFO: Run Behavior\WriteHtmlCacheBehavior [ RunTime:0.000419s ]
INFO: [ view_filter ] --END-- [ RunTime:0.000593s ]
INFO: [ app_end ] --START--
INFO: Run Behavior\ShowPageTraceBehavior [ RunTime:0.000639s ]
INFO: [ app_end ] --END-- [ RunTime:0.000798s ]

[ 2016-05-19T16:25:31+08:00 ] ::1 /scy/index.php/Share/_JS_/slider.js
INFO: [ app_init ] --START--
INFO: Run Behavior\BuildLiteBehavior [ RunTime:0.000054s ]
INFO: [ app_init ] --END-- [ RunTime:0.000867s ]
NOTIC: [8] Use of undefined constant URL_COMPAT - assumed 'URL_COMPAT' D:\wamp\www\scy\ThinkPHP\Library\Think\Dispatcher.class.php 第 177 行.
NOTIC: [8] Use of undefined constant URL_REWRITE - assumed 'URL_REWRITE' D:\wamp\www\scy\ThinkPHP\Library\Think\Dispatcher.class.php 第 179 行.
INFO: [ app_begin ] --START--
INFO: Run Behavior\ReadHtmlCacheBehavior [ RunTime:0.001570s ]
INFO: [ app_begin ] --END-- [ RunTime:0.001875s ]
ERR: 非法操作:_JS_

