[ 2016-04-12T17:33:57+08:00 ] ::1 /scy/
INFO: [ app_init ] --START--
INFO: Run Behavior\BuildLiteBehavior [ RunTime:0.000049s ]
INFO: [ app_init ] --END-- [ RunTime:0.002253s ]
NOTIC: [8] Use of undefined constant URL_COMPAT - assumed 'URL_COMPAT' E:\wamp\www\scy\ThinkPHP\Library\Think\Dispatcher.class.php 第 177 行.
NOTIC: [8] Use of undefined constant URL_REWRITE - assumed 'URL_REWRITE' E:\wamp\www\scy\ThinkPHP\Library\Think\Dispatcher.class.php 第 179 行.
INFO: [ app_begin ] --START--
INFO: Run Behavior\ReadHtmlCacheBehavior [ RunTime:0.002635s ]
INFO: [ app_begin ] --END-- [ RunTime:0.002887s ]
NOTIC: [8192] mysql_connect(): The mysql extension is deprecated and will be removed in the future: use mysqli or PDO instead E:\wamp\www\scy\ThinkPHP\Library\Think\Db\Driver\Mysql.class.php 第 52 行.
SQL: SHOW COLUMNS FROM `article` [ RunTime:0.006789s ]
SQL: SELECT * FROM `article`  [ RunTime:0.036470s ]
SQL: SHOW COLUMNS FROM `comment` [ RunTime:0.006068s ]
SQL: SELECT COUNT(*) AS tp_count FROM `comment` WHERE ( art_id=1 ) LIMIT 1   [ RunTime:0.000448s ]
SQL: SELECT COUNT(*) AS tp_count FROM `comment` WHERE ( art_id=2 ) LIMIT 1   [ RunTime:0.000466s ]
SQL: SELECT COUNT(*) AS tp_count FROM `comment` WHERE ( art_id=3 ) LIMIT 1   [ RunTime:0.000962s ]
SQL: SELECT COUNT(*) AS tp_count FROM `comment` WHERE ( art_id=4 ) LIMIT 1   [ RunTime:0.000502s ]
SQL: SELECT COUNT(*) AS tp_count FROM `comment` WHERE ( art_id=5 ) LIMIT 1   [ RunTime:0.000330s ]
SQL: SELECT COUNT(*) AS tp_count FROM `comment` WHERE ( art_id=6 ) LIMIT 1   [ RunTime:0.000438s ]
SQL: SELECT COUNT(*) AS tp_count FROM `comment` WHERE ( art_id=7 ) LIMIT 1   [ RunTime:0.000336s ]
SQL: SELECT COUNT(*) AS tp_count FROM `comment` WHERE ( art_id=8 ) LIMIT 1   [ RunTime:0.000319s ]
INFO: [ view_parse ] --START--
INFO: [ template_filter ] --START--
INFO: Run Behavior\ContentReplaceBehavior [ RunTime:0.000181s ]
INFO: [ template_filter ] --END-- [ RunTime:0.000413s ]
INFO: Run Behavior\ParseTemplateBehavior [ RunTime:0.127734s ]
INFO: [ view_parse ] --END-- [ RunTime:0.127986s ]
INFO: [ view_filter ] --START--
INFO: Run Behavior\WriteHtmlCacheBehavior [ RunTime:0.002465s ]
INFO: [ view_filter ] --END-- [ RunTime:0.002693s ]
INFO: [ app_end ] --START--
INFO: Run Behavior\ShowPageTraceBehavior [ RunTime:0.003087s ]
INFO: [ app_end ] --END-- [ RunTime:0.003654s ]

[ 2016-04-12T17:34:02+08:00 ] ::1 /scy/
INFO: [ app_init ] --START--
INFO: Run Behavior\BuildLiteBehavior [ RunTime:0.000048s ]
INFO: [ app_init ] --END-- [ RunTime:0.001141s ]
NOTIC: [8] Use of undefined constant URL_COMPAT - assumed 'URL_COMPAT' E:\wamp\www\scy\ThinkPHP\Library\Think\Dispatcher.class.php 第 177 行.
NOTIC: [8] Use of undefined constant URL_REWRITE - assumed 'URL_REWRITE' E:\wamp\www\scy\ThinkPHP\Library\Think\Dispatcher.class.php 第 179 行.
INFO: [ app_begin ] --START--
INFO: Run Behavior\ReadHtmlCacheBehavior [ RunTime:0.002114s ]
INFO: [ app_begin ] --END-- [ RunTime:0.002361s ]
NOTIC: [8192] mysql_connect(): The mysql extension is deprecated and will be removed in the future: use mysqli or PDO instead E:\wamp\www\scy\ThinkPHP\Library\Think\Db\Driver\Mysql.class.php 第 52 行.
SQL: SHOW COLUMNS FROM `article` [ RunTime:0.007154s ]
SQL: SELECT * FROM `article`  [ RunTime:0.001065s ]
SQL: SHOW COLUMNS FROM `comment` [ RunTime:0.006228s ]
SQL: SELECT COUNT(*) AS tp_count FROM `comment` WHERE ( art_id=1 ) LIMIT 1   [ RunTime:0.000389s ]
SQL: SELECT COUNT(*) AS tp_count FROM `comment` WHERE ( art_id=2 ) LIMIT 1   [ RunTime:0.000293s ]
SQL: SELECT COUNT(*) AS tp_count FROM `comment` WHERE ( art_id=3 ) LIMIT 1   [ RunTime:0.001837s ]
SQL: SELECT COUNT(*) AS tp_count FROM `comment` WHERE ( art_id=4 ) LIMIT 1   [ RunTime:0.000731s ]
SQL: SELECT COUNT(*) AS tp_count FROM `comment` WHERE ( art_id=5 ) LIMIT 1   [ RunTime:0.000779s ]
SQL: SELECT COUNT(*) AS tp_count FROM `comment` WHERE ( art_id=6 ) LIMIT 1   [ RunTime:0.000376s ]
SQL: SELECT COUNT(*) AS tp_count FROM `comment` WHERE ( art_id=7 ) LIMIT 1   [ RunTime:0.000300s ]
SQL: SELECT COUNT(*) AS tp_count FROM `comment` WHERE ( art_id=8 ) LIMIT 1   [ RunTime:0.000476s ]
INFO: [ view_parse ] --START--
INFO: [ template_filter ] --START--
INFO: Run Behavior\ContentReplaceBehavior [ RunTime:0.000183s ]
INFO: [ template_filter ] --END-- [ RunTime:0.000415s ]
INFO: Run Behavior\ParseTemplateBehavior [ RunTime:0.034390s ]
INFO: [ view_parse ] --END-- [ RunTime:0.034646s ]
INFO: [ view_filter ] --START--
INFO: Run Behavior\WriteHtmlCacheBehavior [ RunTime:0.001789s ]
INFO: [ view_filter ] --END-- [ RunTime:0.002009s ]
INFO: [ app_end ] --START--
INFO: Run Behavior\ShowPageTraceBehavior [ RunTime:0.007422s ]
INFO: [ app_end ] --END-- [ RunTime:0.007730s ]

[ 2016-04-12T17:34:04+08:00 ] ::1 /scy/index.php/Index/index.html
INFO: [ app_init ] --START--
INFO: Run Behavior\BuildLiteBehavior [ RunTime:0.000050s ]
INFO: [ app_init ] --END-- [ RunTime:0.001363s ]
NOTIC: [8] Use of undefined constant URL_COMPAT - assumed 'URL_COMPAT' E:\wamp\www\scy\ThinkPHP\Library\Think\Dispatcher.class.php 第 177 行.
NOTIC: [8] Use of undefined constant URL_REWRITE - assumed 'URL_REWRITE' E:\wamp\www\scy\ThinkPHP\Library\Think\Dispatcher.class.php 第 179 行.
INFO: [ app_begin ] --START--
INFO: Run Behavior\ReadHtmlCacheBehavior [ RunTime:0.002834s ]
INFO: [ app_begin ] --END-- [ RunTime:0.003081s ]
NOTIC: [8192] mysql_connect(): The mysql extension is deprecated and will be removed in the future: use mysqli or PDO instead E:\wamp\www\scy\ThinkPHP\Library\Think\Db\Driver\Mysql.class.php 第 52 行.
SQL: SHOW COLUMNS FROM `article` [ RunTime:0.006596s ]
SQL: SELECT * FROM `article`  [ RunTime:0.000668s ]
SQL: SHOW COLUMNS FROM `comment` [ RunTime:0.006484s ]
SQL: SELECT COUNT(*) AS tp_count FROM `comment` WHERE ( art_id=1 ) LIMIT 1   [ RunTime:0.000474s ]
SQL: SELECT COUNT(*) AS tp_count FROM `comment` WHERE ( art_id=2 ) LIMIT 1   [ RunTime:0.000718s ]
SQL: SELECT COUNT(*) AS tp_count FROM `comment` WHERE ( art_id=3 ) LIMIT 1   [ RunTime:0.000468s ]
SQL: SELECT COUNT(*) AS tp_count FROM `comment` WHERE ( art_id=4 ) LIMIT 1   [ RunTime:0.000554s ]
SQL: SELECT COUNT(*) AS tp_count FROM `comment` WHERE ( art_id=5 ) LIMIT 1   [ RunTime:0.000473s ]
SQL: SELECT COUNT(*) AS tp_count FROM `comment` WHERE ( art_id=6 ) LIMIT 1   [ RunTime:0.000348s ]
SQL: SELECT COUNT(*) AS tp_count FROM `comment` WHERE ( art_id=7 ) LIMIT 1   [ RunTime:0.000367s ]
SQL: SELECT COUNT(*) AS tp_count FROM `comment` WHERE ( art_id=8 ) LIMIT 1   [ RunTime:0.000373s ]
INFO: [ view_parse ] --START--
INFO: [ template_filter ] --START--
INFO: Run Behavior\ContentReplaceBehavior [ RunTime:0.000187s ]
INFO: [ template_filter ] --END-- [ RunTime:0.000423s ]
INFO: Run Behavior\ParseTemplateBehavior [ RunTime:0.033931s ]
INFO: [ view_parse ] --END-- [ RunTime:0.034165s ]
INFO: [ view_filter ] --START--
INFO: Run Behavior\WriteHtmlCacheBehavior [ RunTime:0.001780s ]
INFO: [ view_filter ] --END-- [ RunTime:0.002961s ]
INFO: [ app_end ] --START--
INFO: Run Behavior\ShowPageTraceBehavior [ RunTime:0.005822s ]
INFO: [ app_end ] --END-- [ RunTime:0.006239s ]

[ 2016-04-12T17:35:17+08:00 ] ::1 /scy/index.php/Login/open.html
INFO: [ app_init ] --START--
INFO: Run Behavior\BuildLiteBehavior [ RunTime:0.000049s ]
INFO: [ app_init ] --END-- [ RunTime:0.001478s ]
NOTIC: [8] Use of undefined constant URL_COMPAT - assumed 'URL_COMPAT' E:\wamp\www\scy\ThinkPHP\Library\Think\Dispatcher.class.php 第 177 行.
NOTIC: [8] Use of undefined constant URL_REWRITE - assumed 'URL_REWRITE' E:\wamp\www\scy\ThinkPHP\Library\Think\Dispatcher.class.php 第 179 行.
INFO: [ app_begin ] --START--
INFO: Run Behavior\ReadHtmlCacheBehavior [ RunTime:0.002888s ]
INFO: [ app_begin ] --END-- [ RunTime:0.003132s ]
INFO: [ view_parse ] --START--
INFO: [ template_filter ] --START--
INFO: Run Behavior\ContentReplaceBehavior [ RunTime:0.000159s ]
INFO: [ template_filter ] --END-- [ RunTime:0.000432s ]
INFO: Run Behavior\ParseTemplateBehavior [ RunTime:0.027854s ]
INFO: [ view_parse ] --END-- [ RunTime:0.028110s ]
INFO: [ view_filter ] --START--
INFO: Run Behavior\WriteHtmlCacheBehavior [ RunTime:0.004101s ]
INFO: [ view_filter ] --END-- [ RunTime:0.004331s ]
INFO: [ app_end ] --START--
INFO: Run Behavior\ShowPageTraceBehavior [ RunTime:0.002698s ]
INFO: [ app_end ] --END-- [ RunTime:0.002932s ]

[ 2016-04-12T17:38:33+08:00 ] ::1 /scy/index.php/Login/open.html
INFO: [ app_init ] --START--
INFO: Run Behavior\BuildLiteBehavior [ RunTime:0.000050s ]
INFO: [ app_init ] --END-- [ RunTime:0.001404s ]
NOTIC: [8] Use of undefined constant URL_COMPAT - assumed 'URL_COMPAT' E:\wamp\www\scy\ThinkPHP\Library\Think\Dispatcher.class.php 第 177 行.
NOTIC: [8] Use of undefined constant URL_REWRITE - assumed 'URL_REWRITE' E:\wamp\www\scy\ThinkPHP\Library\Think\Dispatcher.class.php 第 179 行.
INFO: [ app_begin ] --START--
INFO: Run Behavior\ReadHtmlCacheBehavior [ RunTime:0.002378s ]
INFO: [ app_begin ] --END-- [ RunTime:0.002643s ]
INFO: [ view_parse ] --START--
INFO: [ template_filter ] --START--
INFO: Run Behavior\ContentReplaceBehavior [ RunTime:0.000152s ]
INFO: [ template_filter ] --END-- [ RunTime:0.000386s ]
INFO: Run Behavior\ParseTemplateBehavior [ RunTime:0.029269s ]
INFO: [ view_parse ] --END-- [ RunTime:0.029538s ]
INFO: [ view_filter ] --START--
INFO: Run Behavior\WriteHtmlCacheBehavior [ RunTime:0.001990s ]
INFO: [ view_filter ] --END-- [ RunTime:0.002212s ]
INFO: [ app_end ] --START--
INFO: Run Behavior\ShowPageTraceBehavior [ RunTime:0.002022s ]
INFO: [ app_end ] --END-- [ RunTime:0.002254s ]

[ 2016-04-12T17:39:10+08:00 ] ::1 /scy/index.php/Login/open.html
INFO: [ app_init ] --START--
INFO: Run Behavior\BuildLiteBehavior [ RunTime:0.000050s ]
INFO: [ app_init ] --END-- [ RunTime:0.002799s ]
NOTIC: [8] Use of undefined constant URL_COMPAT - assumed 'URL_COMPAT' E:\wamp\www\scy\ThinkPHP\Library\Think\Dispatcher.class.php 第 177 行.
NOTIC: [8] Use of undefined constant URL_REWRITE - assumed 'URL_REWRITE' E:\wamp\www\scy\ThinkPHP\Library\Think\Dispatcher.class.php 第 179 行.
INFO: [ app_begin ] --START--
INFO: Run Behavior\ReadHtmlCacheBehavior [ RunTime:0.003259s ]
INFO: [ app_begin ] --END-- [ RunTime:0.003532s ]
INFO: [ view_parse ] --START--
INFO: [ template_filter ] --START--
INFO: Run Behavior\ContentReplaceBehavior [ RunTime:0.000151s ]
INFO: [ template_filter ] --END-- [ RunTime:0.000390s ]
INFO: Run Behavior\ParseTemplateBehavior [ RunTime:0.034087s ]
INFO: [ view_parse ] --END-- [ RunTime:0.034354s ]
INFO: [ view_filter ] --START--
INFO: Run Behavior\WriteHtmlCacheBehavior [ RunTime:0.001792s ]
INFO: [ view_filter ] --END-- [ RunTime:0.002220s ]
INFO: [ app_end ] --START--
INFO: Run Behavior\ShowPageTraceBehavior [ RunTime:0.002750s ]
INFO: [ app_end ] --END-- [ RunTime:0.003016s ]

[ 2016-04-12T17:39:20+08:00 ] ::1 /scy/index.php/Login/open.html?
INFO: [ app_init ] --START--
INFO: Run Behavior\BuildLiteBehavior [ RunTime:0.000107s ]
INFO: [ app_init ] --END-- [ RunTime:0.001973s ]
NOTIC: [8] Use of undefined constant URL_COMPAT - assumed 'URL_COMPAT' E:\wamp\www\scy\ThinkPHP\Library\Think\Dispatcher.class.php 第 177 行.
NOTIC: [8] Use of undefined constant URL_REWRITE - assumed 'URL_REWRITE' E:\wamp\www\scy\ThinkPHP\Library\Think\Dispatcher.class.php 第 179 行.
INFO: [ app_begin ] --START--
INFO: Run Behavior\ReadHtmlCacheBehavior [ RunTime:0.002196s ]
INFO: [ app_begin ] --END-- [ RunTime:0.002434s ]
INFO: [ view_parse ] --START--
INFO: [ template_filter ] --START--
INFO: Run Behavior\ContentReplaceBehavior [ RunTime:0.000156s ]
INFO: [ template_filter ] --END-- [ RunTime:0.000394s ]
INFO: Run Behavior\ParseTemplateBehavior [ RunTime:0.030482s ]
INFO: [ view_parse ] --END-- [ RunTime:0.030757s ]
INFO: [ view_filter ] --START--
INFO: Run Behavior\WriteHtmlCacheBehavior [ RunTime:0.001732s ]
INFO: [ view_filter ] --END-- [ RunTime:0.001946s ]
INFO: [ app_end ] --START--
INFO: Run Behavior\ShowPageTraceBehavior [ RunTime:0.002784s ]
INFO: [ app_end ] --END-- [ RunTime:0.003700s ]

[ 2016-04-12T17:39:25+08:00 ] ::1 /scy/index.php/Index/index.html
INFO: [ app_init ] --START--
INFO: Run Behavior\BuildLiteBehavior [ RunTime:0.000048s ]
INFO: [ app_init ] --END-- [ RunTime:0.001140s ]
NOTIC: [8] Use of undefined constant URL_COMPAT - assumed 'URL_COMPAT' E:\wamp\www\scy\ThinkPHP\Library\Think\Dispatcher.class.php 第 177 行.
NOTIC: [8] Use of undefined constant URL_REWRITE - assumed 'URL_REWRITE' E:\wamp\www\scy\ThinkPHP\Library\Think\Dispatcher.class.php 第 179 行.
INFO: [ app_begin ] --START--
INFO: Run Behavior\ReadHtmlCacheBehavior [ RunTime:0.002461s ]
INFO: [ app_begin ] --END-- [ RunTime:0.002703s ]
NOTIC: [8192] mysql_connect(): The mysql extension is deprecated and will be removed in the future: use mysqli or PDO instead E:\wamp\www\scy\ThinkPHP\Library\Think\Db\Driver\Mysql.class.php 第 52 行.
SQL: SHOW COLUMNS FROM `article` [ RunTime:0.047724s ]
SQL: SELECT * FROM `article`  [ RunTime:0.001970s ]
SQL: SHOW COLUMNS FROM `comment` [ RunTime:0.006828s ]
SQL: SELECT COUNT(*) AS tp_count FROM `comment` WHERE ( art_id=1 ) LIMIT 1   [ RunTime:0.000595s ]
SQL: SELECT COUNT(*) AS tp_count FROM `comment` WHERE ( art_id=2 ) LIMIT 1   [ RunTime:0.000443s ]
SQL: SELECT COUNT(*) AS tp_count FROM `comment` WHERE ( art_id=3 ) LIMIT 1   [ RunTime:0.000397s ]
SQL: SELECT COUNT(*) AS tp_count FROM `comment` WHERE ( art_id=4 ) LIMIT 1   [ RunTime:0.000301s ]
SQL: SELECT COUNT(*) AS tp_count FROM `comment` WHERE ( art_id=5 ) LIMIT 1   [ RunTime:0.000286s ]
SQL: SELECT COUNT(*) AS tp_count FROM `comment` WHERE ( art_id=6 ) LIMIT 1   [ RunTime:0.000396s ]
SQL: SELECT COUNT(*) AS tp_count FROM `comment` WHERE ( art_id=7 ) LIMIT 1   [ RunTime:0.000444s ]
SQL: SELECT COUNT(*) AS tp_count FROM `comment` WHERE ( art_id=8 ) LIMIT 1   [ RunTime:0.000321s ]
INFO: [ view_parse ] --START--
INFO: [ template_filter ] --START--
INFO: Run Behavior\ContentReplaceBehavior [ RunTime:0.000196s ]
INFO: [ template_filter ] --END-- [ RunTime:0.000443s ]
INFO: Run Behavior\ParseTemplateBehavior [ RunTime:0.034429s ]
INFO: [ view_parse ] --END-- [ RunTime:0.034676s ]
INFO: [ view_filter ] --START--
INFO: Run Behavior\WriteHtmlCacheBehavior [ RunTime:0.001700s ]
INFO: [ view_filter ] --END-- [ RunTime:0.001915s ]
INFO: [ app_end ] --START--
INFO: Run Behavior\ShowPageTraceBehavior [ RunTime:0.004420s ]
INFO: [ app_end ] --END-- [ RunTime:0.004733s ]

[ 2016-04-12T17:39:35+08:00 ] ::1 /scy/index.php/Message/gustbook.html
INFO: [ app_init ] --START--
INFO: Run Behavior\BuildLiteBehavior [ RunTime:0.000048s ]
INFO: [ app_init ] --END-- [ RunTime:0.001367s ]
NOTIC: [8] Use of undefined constant URL_COMPAT - assumed 'URL_COMPAT' E:\wamp\www\scy\ThinkPHP\Library\Think\Dispatcher.class.php 第 177 行.
NOTIC: [8] Use of undefined constant URL_REWRITE - assumed 'URL_REWRITE' E:\wamp\www\scy\ThinkPHP\Library\Think\Dispatcher.class.php 第 179 行.
INFO: [ app_begin ] --START--
INFO: Run Behavior\ReadHtmlCacheBehavior [ RunTime:0.002204s ]
INFO: [ app_begin ] --END-- [ RunTime:0.002450s ]
INFO: [ view_parse ] --START--
INFO: [ template_filter ] --START--
INFO: Run Behavior\ContentReplaceBehavior [ RunTime:0.000407s ]
INFO: [ template_filter ] --END-- [ RunTime:0.000666s ]
INFO: Run Behavior\ParseTemplateBehavior [ RunTime:0.090433s ]
INFO: [ view_parse ] --END-- [ RunTime:0.092207s ]
INFO: [ view_filter ] --START--
INFO: Run Behavior\WriteHtmlCacheBehavior [ RunTime:0.001850s ]
INFO: [ view_filter ] --END-- [ RunTime:0.002303s ]
INFO: [ app_end ] --START--
INFO: Run Behavior\ShowPageTraceBehavior [ RunTime:0.001890s ]
INFO: [ app_end ] --END-- [ RunTime:0.002128s ]

[ 2016-04-12T17:39:41+08:00 ] ::1 /scy/index.php/Index/index.html
INFO: [ app_init ] --START--
INFO: Run Behavior\BuildLiteBehavior [ RunTime:0.000050s ]
INFO: [ app_init ] --END-- [ RunTime:0.001378s ]
NOTIC: [8] Use of undefined constant URL_COMPAT - assumed 'URL_COMPAT' E:\wamp\www\scy\ThinkPHP\Library\Think\Dispatcher.class.php 第 177 行.
NOTIC: [8] Use of undefined constant URL_REWRITE - assumed 'URL_REWRITE' E:\wamp\www\scy\ThinkPHP\Library\Think\Dispatcher.class.php 第 179 行.
INFO: [ app_begin ] --START--
INFO: Run Behavior\ReadHtmlCacheBehavior [ RunTime:0.002331s ]
INFO: [ app_begin ] --END-- [ RunTime:0.002572s ]
NOTIC: [8192] mysql_connect(): The mysql extension is deprecated and will be removed in the future: use mysqli or PDO instead E:\wamp\www\scy\ThinkPHP\Library\Think\Db\Driver\Mysql.class.php 第 52 行.
SQL: SHOW COLUMNS FROM `article` [ RunTime:0.007689s ]
SQL: SELECT * FROM `article`  [ RunTime:0.000697s ]
SQL: SHOW COLUMNS FROM `comment` [ RunTime:0.005865s ]
SQL: SELECT COUNT(*) AS tp_count FROM `comment` WHERE ( art_id=1 ) LIMIT 1   [ RunTime:0.000650s ]
SQL: SELECT COUNT(*) AS tp_count FROM `comment` WHERE ( art_id=2 ) LIMIT 1   [ RunTime:0.000322s ]
SQL: SELECT COUNT(*) AS tp_count FROM `comment` WHERE ( art_id=3 ) LIMIT 1   [ RunTime:0.000282s ]
SQL: SELECT COUNT(*) AS tp_count FROM `comment` WHERE ( art_id=4 ) LIMIT 1   [ RunTime:0.000338s ]
SQL: SELECT COUNT(*) AS tp_count FROM `comment` WHERE ( art_id=5 ) LIMIT 1   [ RunTime:0.000714s ]
SQL: SELECT COUNT(*) AS tp_count FROM `comment` WHERE ( art_id=6 ) LIMIT 1   [ RunTime:0.000733s ]
SQL: SELECT COUNT(*) AS tp_count FROM `comment` WHERE ( art_id=7 ) LIMIT 1   [ RunTime:0.000489s ]
SQL: SELECT COUNT(*) AS tp_count FROM `comment` WHERE ( art_id=8 ) LIMIT 1   [ RunTime:0.000371s ]
INFO: [ view_parse ] --START--
INFO: [ template_filter ] --START--
INFO: Run Behavior\ContentReplaceBehavior [ RunTime:0.000202s ]
INFO: [ template_filter ] --END-- [ RunTime:0.000455s ]
INFO: Run Behavior\ParseTemplateBehavior [ RunTime:0.033547s ]
INFO: [ view_parse ] --END-- [ RunTime:0.033790s ]
INFO: [ view_filter ] --START--
INFO: Run Behavior\WriteHtmlCacheBehavior [ RunTime:0.001830s ]
INFO: [ view_filter ] --END-- [ RunTime:0.002047s ]
INFO: [ app_end ] --START--
INFO: Run Behavior\ShowPageTraceBehavior [ RunTime:0.005681s ]
INFO: [ app_end ] --END-- [ RunTime:0.006084s ]

[ 2016-04-12T17:41:28+08:00 ] ::1 /scy/index.php/Login/open.html
INFO: [ app_init ] --START--
INFO: Run Behavior\BuildLiteBehavior [ RunTime:0.000050s ]
INFO: [ app_init ] --END-- [ RunTime:0.001158s ]
NOTIC: [8] Use of undefined constant URL_COMPAT - assumed 'URL_COMPAT' E:\wamp\www\scy\ThinkPHP\Library\Think\Dispatcher.class.php 第 177 行.
NOTIC: [8] Use of undefined constant URL_REWRITE - assumed 'URL_REWRITE' E:\wamp\www\scy\ThinkPHP\Library\Think\Dispatcher.class.php 第 179 行.
INFO: [ app_begin ] --START--
INFO: Run Behavior\ReadHtmlCacheBehavior [ RunTime:0.002324s ]
INFO: [ app_begin ] --END-- [ RunTime:0.002566s ]
INFO: [ view_parse ] --START--
INFO: [ template_filter ] --START--
INFO: Run Behavior\ContentReplaceBehavior [ RunTime:0.000156s ]
INFO: [ template_filter ] --END-- [ RunTime:0.000626s ]
INFO: Run Behavior\ParseTemplateBehavior [ RunTime:0.021301s ]
INFO: [ view_parse ] --END-- [ RunTime:0.021605s ]
INFO: [ view_filter ] --START--
INFO: Run Behavior\WriteHtmlCacheBehavior [ RunTime:0.001827s ]
INFO: [ view_filter ] --END-- [ RunTime:0.002048s ]
INFO: [ app_end ] --START--
INFO: Run Behavior\ShowPageTraceBehavior [ RunTime:0.001984s ]
INFO: [ app_end ] --END-- [ RunTime:0.002219s ]

[ 2016-04-12T17:41:37+08:00 ] ::1 /scy/index.php/Login/open.html?
INFO: [ app_init ] --START--
INFO: Run Behavior\BuildLiteBehavior [ RunTime:0.000049s ]
INFO: [ app_init ] --END-- [ RunTime:0.001288s ]
NOTIC: [8] Use of undefined constant URL_COMPAT - assumed 'URL_COMPAT' E:\wamp\www\scy\ThinkPHP\Library\Think\Dispatcher.class.php 第 177 行.
NOTIC: [8] Use of undefined constant URL_REWRITE - assumed 'URL_REWRITE' E:\wamp\www\scy\ThinkPHP\Library\Think\Dispatcher.class.php 第 179 行.
INFO: [ app_begin ] --START--
INFO: Run Behavior\ReadHtmlCacheBehavior [ RunTime:0.001899s ]
INFO: [ app_begin ] --END-- [ RunTime:0.002134s ]
INFO: [ view_parse ] --START--
INFO: [ template_filter ] --START--
INFO: Run Behavior\ContentReplaceBehavior [ RunTime:0.000156s ]
INFO: [ template_filter ] --END-- [ RunTime:0.000390s ]
INFO: Run Behavior\ParseTemplateBehavior [ RunTime:0.022177s ]
INFO: [ view_parse ] --END-- [ RunTime:0.022422s ]
INFO: [ view_filter ] --START--
INFO: Run Behavior\WriteHtmlCacheBehavior [ RunTime:0.001632s ]
INFO: [ view_filter ] --END-- [ RunTime:0.001844s ]
INFO: [ app_end ] --START--
INFO: Run Behavior\ShowPageTraceBehavior [ RunTime:0.001842s ]
INFO: [ app_end ] --END-- [ RunTime:0.002062s ]

[ 2016-04-12T17:41:45+08:00 ] ::1 /scy/index.php/Index/index.html
INFO: [ app_init ] --START--
INFO: Run Behavior\BuildLiteBehavior [ RunTime:0.000048s ]
INFO: [ app_init ] --END-- [ RunTime:0.001136s ]
NOTIC: [8] Use of undefined constant URL_COMPAT - assumed 'URL_COMPAT' E:\wamp\www\scy\ThinkPHP\Library\Think\Dispatcher.class.php 第 177 行.
NOTIC: [8] Use of undefined constant URL_REWRITE - assumed 'URL_REWRITE' E:\wamp\www\scy\ThinkPHP\Library\Think\Dispatcher.class.php 第 179 行.
INFO: [ app_begin ] --START--
INFO: Run Behavior\ReadHtmlCacheBehavior [ RunTime:0.002109s ]
INFO: [ app_begin ] --END-- [ RunTime:0.002347s ]
NOTIC: [8192] mysql_connect(): The mysql extension is deprecated and will be removed in the future: use mysqli or PDO instead E:\wamp\www\scy\ThinkPHP\Library\Think\Db\Driver\Mysql.class.php 第 52 行.
SQL: SHOW COLUMNS FROM `article` [ RunTime:0.126108s ]
SQL: SELECT * FROM `article`  [ RunTime:0.001028s ]
SQL: SHOW COLUMNS FROM `comment` [ RunTime:0.007298s ]
SQL: SELECT COUNT(*) AS tp_count FROM `comment` WHERE ( art_id=1 ) LIMIT 1   [ RunTime:0.000447s ]
SQL: SELECT COUNT(*) AS tp_count FROM `comment` WHERE ( art_id=2 ) LIMIT 1   [ RunTime:0.000421s ]
SQL: SELECT COUNT(*) AS tp_count FROM `comment` WHERE ( art_id=3 ) LIMIT 1   [ RunTime:0.000349s ]
SQL: SELECT COUNT(*) AS tp_count FROM `comment` WHERE ( art_id=4 ) LIMIT 1   [ RunTime:0.000323s ]
SQL: SELECT COUNT(*) AS tp_count FROM `comment` WHERE ( art_id=5 ) LIMIT 1   [ RunTime:0.000715s ]
SQL: SELECT COUNT(*) AS tp_count FROM `comment` WHERE ( art_id=6 ) LIMIT 1   [ RunTime:0.000435s ]
SQL: SELECT COUNT(*) AS tp_count FROM `comment` WHERE ( art_id=7 ) LIMIT 1   [ RunTime:0.000332s ]
SQL: SELECT COUNT(*) AS tp_count FROM `comment` WHERE ( art_id=8 ) LIMIT 1   [ RunTime:0.000302s ]
INFO: [ view_parse ] --START--
INFO: [ template_filter ] --START--
INFO: Run Behavior\ContentReplaceBehavior [ RunTime:0.000207s ]
INFO: [ template_filter ] --END-- [ RunTime:0.000453s ]
INFO: Run Behavior\ParseTemplateBehavior [ RunTime:0.032091s ]
INFO: [ view_parse ] --END-- [ RunTime:0.032328s ]
INFO: [ view_filter ] --START--
INFO: Run Behavior\WriteHtmlCacheBehavior [ RunTime:0.001693s ]
INFO: [ view_filter ] --END-- [ RunTime:0.001908s ]
INFO: [ app_end ] --START--
INFO: Run Behavior\ShowPageTraceBehavior [ RunTime:0.006157s ]
INFO: [ app_end ] --END-- [ RunTime:0.006655s ]

[ 2016-04-12T17:41:50+08:00 ] ::1 /scy/index.php/Login/open.html
INFO: [ app_init ] --START--
INFO: Run Behavior\BuildLiteBehavior [ RunTime:0.000051s ]
INFO: [ app_init ] --END-- [ RunTime:0.001362s ]
NOTIC: [8] Use of undefined constant URL_COMPAT - assumed 'URL_COMPAT' E:\wamp\www\scy\ThinkPHP\Library\Think\Dispatcher.class.php 第 177 行.
NOTIC: [8] Use of undefined constant URL_REWRITE - assumed 'URL_REWRITE' E:\wamp\www\scy\ThinkPHP\Library\Think\Dispatcher.class.php 第 179 行.
INFO: [ app_begin ] --START--
INFO: Run Behavior\ReadHtmlCacheBehavior [ RunTime:0.004011s ]
INFO: [ app_begin ] --END-- [ RunTime:0.004402s ]
INFO: [ view_parse ] --START--
INFO: [ template_filter ] --START--
INFO: Run Behavior\ContentReplaceBehavior [ RunTime:0.000184s ]
INFO: [ template_filter ] --END-- [ RunTime:0.000421s ]
INFO: Run Behavior\ParseTemplateBehavior [ RunTime:0.023457s ]
INFO: [ view_parse ] --END-- [ RunTime:0.023705s ]
INFO: [ view_filter ] --START--
INFO: Run Behavior\WriteHtmlCacheBehavior [ RunTime:0.006290s ]
INFO: [ view_filter ] --END-- [ RunTime:0.006532s ]
INFO: [ app_end ] --START--
INFO: Run Behavior\ShowPageTraceBehavior [ RunTime:0.002818s ]
INFO: [ app_end ] --END-- [ RunTime:0.003058s ]

[ 2016-04-12T17:45:04+08:00 ] ::1 /scy/index.php/Login/open.html
INFO: [ app_init ] --START--
INFO: Run Behavior\BuildLiteBehavior [ RunTime:0.000050s ]
INFO: [ app_init ] --END-- [ RunTime:0.001538s ]
NOTIC: [8] Use of undefined constant URL_COMPAT - assumed 'URL_COMPAT' E:\wamp\www\scy\ThinkPHP\Library\Think\Dispatcher.class.php 第 177 行.
NOTIC: [8] Use of undefined constant URL_REWRITE - assumed 'URL_REWRITE' E:\wamp\www\scy\ThinkPHP\Library\Think\Dispatcher.class.php 第 179 行.
INFO: [ app_begin ] --START--
INFO: Run Behavior\ReadHtmlCacheBehavior [ RunTime:0.002301s ]
INFO: [ app_begin ] --END-- [ RunTime:0.002546s ]
INFO: [ view_parse ] --START--
INFO: [ template_filter ] --START--
INFO: Run Behavior\ContentReplaceBehavior [ RunTime:0.000149s ]
INFO: [ template_filter ] --END-- [ RunTime:0.000391s ]
INFO: Run Behavior\ParseTemplateBehavior [ RunTime:0.020864s ]
INFO: [ view_parse ] --END-- [ RunTime:0.021110s ]
INFO: [ view_filter ] --START--
INFO: Run Behavior\WriteHtmlCacheBehavior [ RunTime:0.001655s ]
INFO: [ view_filter ] --END-- [ RunTime:0.001884s ]
INFO: [ app_end ] --START--
INFO: Run Behavior\ShowPageTraceBehavior [ RunTime:0.002037s ]
INFO: [ app_end ] --END-- [ RunTime:0.002273s ]

[ 2016-04-12T17:51:23+08:00 ] ::1 /scy/index.php/Login/open.html
INFO: [ app_init ] --START--
INFO: Run Behavior\BuildLiteBehavior [ RunTime:0.000050s ]
INFO: [ app_init ] --END-- [ RunTime:0.002292s ]
NOTIC: [8] Use of undefined constant URL_COMPAT - assumed 'URL_COMPAT' E:\wamp\www\scy\ThinkPHP\Library\Think\Dispatcher.class.php 第 177 行.
NOTIC: [8] Use of undefined constant URL_REWRITE - assumed 'URL_REWRITE' E:\wamp\www\scy\ThinkPHP\Library\Think\Dispatcher.class.php 第 179 行.
INFO: [ app_begin ] --START--
INFO: Run Behavior\ReadHtmlCacheBehavior [ RunTime:0.002364s ]
INFO: [ app_begin ] --END-- [ RunTime:0.002605s ]
INFO: [ view_parse ] --START--
INFO: [ template_filter ] --START--
INFO: Run Behavior\ContentReplaceBehavior [ RunTime:0.000153s ]
INFO: [ template_filter ] --END-- [ RunTime:0.000390s ]
INFO: Run Behavior\ParseTemplateBehavior [ RunTime:0.044172s ]
INFO: [ view_parse ] --END-- [ RunTime:0.044417s ]
INFO: [ view_filter ] --START--
INFO: Run Behavior\WriteHtmlCacheBehavior [ RunTime:0.018071s ]
INFO: [ view_filter ] --END-- [ RunTime:0.018298s ]
INFO: [ app_end ] --START--
INFO: Run Behavior\ShowPageTraceBehavior [ RunTime:0.015468s ]
INFO: [ app_end ] --END-- [ RunTime:0.015703s ]

[ 2016-04-12T17:52:47+08:00 ] ::1 /scy/index.php/Login/register.html
INFO: [ app_init ] --START--
INFO: Run Behavior\BuildLiteBehavior [ RunTime:0.000052s ]
INFO: [ app_init ] --END-- [ RunTime:0.001367s ]
NOTIC: [8] Use of undefined constant URL_COMPAT - assumed 'URL_COMPAT' E:\wamp\www\scy\ThinkPHP\Library\Think\Dispatcher.class.php 第 177 行.
NOTIC: [8] Use of undefined constant URL_REWRITE - assumed 'URL_REWRITE' E:\wamp\www\scy\ThinkPHP\Library\Think\Dispatcher.class.php 第 179 行.
INFO: [ app_begin ] --START--
INFO: Run Behavior\ReadHtmlCacheBehavior [ RunTime:0.004244s ]
INFO: [ app_begin ] --END-- [ RunTime:0.004506s ]
INFO: [ view_parse ] --START--
INFO: [ template_filter ] --START--
INFO: Run Behavior\ContentReplaceBehavior [ RunTime:0.000157s ]
INFO: [ template_filter ] --END-- [ RunTime:0.000411s ]
INFO: Run Behavior\ParseTemplateBehavior [ RunTime:0.020345s ]
INFO: [ view_parse ] --END-- [ RunTime:0.020590s ]
INFO: [ view_filter ] --START--
INFO: Run Behavior\WriteHtmlCacheBehavior [ RunTime:0.003478s ]
INFO: [ view_filter ] --END-- [ RunTime:0.003711s ]
INFO: [ app_end ] --START--
INFO: Run Behavior\ShowPageTraceBehavior [ RunTime:0.002036s ]
INFO: [ app_end ] --END-- [ RunTime:0.002260s ]

[ 2016-04-12T17:54:16+08:00 ] ::1 /scy/index.php/Login/register.html
INFO: [ app_init ] --START--
INFO: Run Behavior\BuildLiteBehavior [ RunTime:0.000052s ]
INFO: [ app_init ] --END-- [ RunTime:0.002402s ]
NOTIC: [8] Use of undefined constant URL_COMPAT - assumed 'URL_COMPAT' E:\wamp\www\scy\ThinkPHP\Library\Think\Dispatcher.class.php 第 177 行.
NOTIC: [8] Use of undefined constant URL_REWRITE - assumed 'URL_REWRITE' E:\wamp\www\scy\ThinkPHP\Library\Think\Dispatcher.class.php 第 179 行.
INFO: [ app_begin ] --START--
INFO: Run Behavior\ReadHtmlCacheBehavior [ RunTime:0.001856s ]
INFO: [ app_begin ] --END-- [ RunTime:0.002087s ]
INFO: [ view_parse ] --START--
INFO: [ template_filter ] --START--
INFO: Run Behavior\ContentReplaceBehavior [ RunTime:0.000200s ]
INFO: [ template_filter ] --END-- [ RunTime:0.000434s ]
INFO: Run Behavior\ParseTemplateBehavior [ RunTime:0.023583s ]
INFO: [ view_parse ] --END-- [ RunTime:0.023899s ]
INFO: [ view_filter ] --START--
INFO: Run Behavior\WriteHtmlCacheBehavior [ RunTime:0.001733s ]
INFO: [ view_filter ] --END-- [ RunTime:0.001969s ]
INFO: [ app_end ] --START--
INFO: Run Behavior\ShowPageTraceBehavior [ RunTime:0.001945s ]
INFO: [ app_end ] --END-- [ RunTime:0.002166s ]

[ 2016-04-12T17:54:34+08:00 ] ::1 /scy/index.php/Login/register.html
INFO: [ app_init ] --START--
INFO: Run Behavior\BuildLiteBehavior [ RunTime:0.000048s ]
INFO: [ app_init ] --END-- [ RunTime:0.001122s ]
NOTIC: [8] Use of undefined constant URL_COMPAT - assumed 'URL_COMPAT' E:\wamp\www\scy\ThinkPHP\Library\Think\Dispatcher.class.php 第 177 行.
NOTIC: [8] Use of undefined constant URL_REWRITE - assumed 'URL_REWRITE' E:\wamp\www\scy\ThinkPHP\Library\Think\Dispatcher.class.php 第 179 行.
INFO: [ app_begin ] --START--
INFO: Run Behavior\ReadHtmlCacheBehavior [ RunTime:0.001960s ]
INFO: [ app_begin ] --END-- [ RunTime:0.002204s ]
INFO: [ view_parse ] --START--
INFO: [ template_filter ] --START--
INFO: Run Behavior\ContentReplaceBehavior [ RunTime:0.000155s ]
INFO: [ template_filter ] --END-- [ RunTime:0.000400s ]
INFO: Run Behavior\ParseTemplateBehavior [ RunTime:0.036516s ]
INFO: [ view_parse ] --END-- [ RunTime:0.036757s ]
INFO: [ view_filter ] --START--
INFO: Run Behavior\WriteHtmlCacheBehavior [ RunTime:0.001584s ]
INFO: [ view_filter ] --END-- [ RunTime:0.002029s ]
INFO: [ app_end ] --START--
INFO: Run Behavior\ShowPageTraceBehavior [ RunTime:0.002855s ]
INFO: [ app_end ] --END-- [ RunTime:0.003110s ]

[ 2016-04-12T17:54:42+08:00 ] ::1 /scy/index.php/Login/open.html
INFO: [ app_init ] --START--
INFO: Run Behavior\BuildLiteBehavior [ RunTime:0.000048s ]
INFO: [ app_init ] --END-- [ RunTime:0.001181s ]
NOTIC: [8] Use of undefined constant URL_COMPAT - assumed 'URL_COMPAT' E:\wamp\www\scy\ThinkPHP\Library\Think\Dispatcher.class.php 第 177 行.
NOTIC: [8] Use of undefined constant URL_REWRITE - assumed 'URL_REWRITE' E:\wamp\www\scy\ThinkPHP\Library\Think\Dispatcher.class.php 第 179 行.
INFO: [ app_begin ] --START--
INFO: Run Behavior\ReadHtmlCacheBehavior [ RunTime:0.002178s ]
INFO: [ app_begin ] --END-- [ RunTime:0.002421s ]
INFO: [ view_parse ] --START--
INFO: [ template_filter ] --START--
INFO: Run Behavior\ContentReplaceBehavior [ RunTime:0.000160s ]
INFO: [ template_filter ] --END-- [ RunTime:0.000406s ]
INFO: Run Behavior\ParseTemplateBehavior [ RunTime:0.022117s ]
INFO: [ view_parse ] --END-- [ RunTime:0.022359s ]
INFO: [ view_filter ] --START--
INFO: Run Behavior\WriteHtmlCacheBehavior [ RunTime:0.001648s ]
INFO: [ view_filter ] --END-- [ RunTime:0.001877s ]
INFO: [ app_end ] --START--
INFO: Run Behavior\ShowPageTraceBehavior [ RunTime:0.002009s ]
INFO: [ app_end ] --END-- [ RunTime:0.002241s ]

[ 2016-04-12T17:55:14+08:00 ] ::1 /scy/index.php/Login/open.html
INFO: [ app_init ] --START--
INFO: Run Behavior\BuildLiteBehavior [ RunTime:0.000048s ]
INFO: [ app_init ] --END-- [ RunTime:0.001142s ]
NOTIC: [8] Use of undefined constant URL_COMPAT - assumed 'URL_COMPAT' E:\wamp\www\scy\ThinkPHP\Library\Think\Dispatcher.class.php 第 177 行.
NOTIC: [8] Use of undefined constant URL_REWRITE - assumed 'URL_REWRITE' E:\wamp\www\scy\ThinkPHP\Library\Think\Dispatcher.class.php 第 179 行.
INFO: [ app_begin ] --START--
INFO: Run Behavior\ReadHtmlCacheBehavior [ RunTime:0.003004s ]
INFO: [ app_begin ] --END-- [ RunTime:0.003257s ]
INFO: [ view_parse ] --START--
INFO: [ template_filter ] --START--
INFO: Run Behavior\ContentReplaceBehavior [ RunTime:0.000155s ]
INFO: [ template_filter ] --END-- [ RunTime:0.000399s ]
INFO: Run Behavior\ParseTemplateBehavior [ RunTime:0.021900s ]
INFO: [ view_parse ] --END-- [ RunTime:0.022138s ]
INFO: [ view_filter ] --START--
INFO: Run Behavior\WriteHtmlCacheBehavior [ RunTime:0.001611s ]
INFO: [ view_filter ] --END-- [ RunTime:0.001855s ]
INFO: [ app_end ] --START--
INFO: Run Behavior\ShowPageTraceBehavior [ RunTime:0.001818s ]
INFO: [ app_end ] --END-- [ RunTime:0.002100s ]

[ 2016-04-12T17:57:18+08:00 ] ::1 /scy/index.php/Login/open.html
INFO: [ app_init ] --START--
INFO: Run Behavior\BuildLiteBehavior [ RunTime:0.000053s ]
INFO: [ app_init ] --END-- [ RunTime:0.001342s ]
NOTIC: [8] Use of undefined constant URL_COMPAT - assumed 'URL_COMPAT' E:\wamp\www\scy\ThinkPHP\Library\Think\Dispatcher.class.php 第 177 行.
NOTIC: [8] Use of undefined constant URL_REWRITE - assumed 'URL_REWRITE' E:\wamp\www\scy\ThinkPHP\Library\Think\Dispatcher.class.php 第 179 行.
INFO: [ app_begin ] --START--
INFO: Run Behavior\ReadHtmlCacheBehavior [ RunTime:0.001912s ]
INFO: [ app_begin ] --END-- [ RunTime:0.002146s ]
INFO: [ view_parse ] --START--
INFO: [ template_filter ] --START--
INFO: Run Behavior\ContentReplaceBehavior [ RunTime:0.000153s ]
INFO: [ template_filter ] --END-- [ RunTime:0.000398s ]
INFO: Run Behavior\ParseTemplateBehavior [ RunTime:0.024528s ]
INFO: [ view_parse ] --END-- [ RunTime:0.024998s ]
INFO: [ view_filter ] --START--
INFO: Run Behavior\WriteHtmlCacheBehavior [ RunTime:0.001928s ]
INFO: [ view_filter ] --END-- [ RunTime:0.002159s ]
INFO: [ app_end ] --START--
INFO: Run Behavior\ShowPageTraceBehavior [ RunTime:0.003375s ]
INFO: [ app_end ] --END-- [ RunTime:0.003640s ]

[ 2016-04-12T17:57:21+08:00 ] ::1 /scy/index.php/Login/open.html?
INFO: [ app_init ] --START--
INFO: Run Behavior\BuildLiteBehavior [ RunTime:0.000053s ]
INFO: [ app_init ] --END-- [ RunTime:0.001202s ]
NOTIC: [8] Use of undefined constant URL_COMPAT - assumed 'URL_COMPAT' E:\wamp\www\scy\ThinkPHP\Library\Think\Dispatcher.class.php 第 177 行.
NOTIC: [8] Use of undefined constant URL_REWRITE - assumed 'URL_REWRITE' E:\wamp\www\scy\ThinkPHP\Library\Think\Dispatcher.class.php 第 179 行.
INFO: [ app_begin ] --START--
INFO: Run Behavior\ReadHtmlCacheBehavior [ RunTime:0.002018s ]
INFO: [ app_begin ] --END-- [ RunTime:0.002269s ]
INFO: [ view_parse ] --START--
INFO: [ template_filter ] --START--
INFO: Run Behavior\ContentReplaceBehavior [ RunTime:0.000154s ]
INFO: [ template_filter ] --END-- [ RunTime:0.000402s ]
INFO: Run Behavior\ParseTemplateBehavior [ RunTime:0.020935s ]
INFO: [ view_parse ] --END-- [ RunTime:0.021180s ]
INFO: [ view_filter ] --START--
INFO: Run Behavior\WriteHtmlCacheBehavior [ RunTime:0.001683s ]
INFO: [ view_filter ] --END-- [ RunTime:0.001908s ]
INFO: [ app_end ] --START--
INFO: Run Behavior\ShowPageTraceBehavior [ RunTime:0.002505s ]
INFO: [ app_end ] --END-- [ RunTime:0.002774s ]

[ 2016-04-12T18:00:09+08:00 ] ::1 /scy/index.php/Login/open.html?
INFO: [ app_init ] --START--
INFO: Run Behavior\BuildLiteBehavior [ RunTime:0.000051s ]
INFO: [ app_init ] --END-- [ RunTime:0.001248s ]
NOTIC: [8] Use of undefined constant URL_COMPAT - assumed 'URL_COMPAT' E:\wamp\www\scy\ThinkPHP\Library\Think\Dispatcher.class.php 第 177 行.
NOTIC: [8] Use of undefined constant URL_REWRITE - assumed 'URL_REWRITE' E:\wamp\www\scy\ThinkPHP\Library\Think\Dispatcher.class.php 第 179 行.
INFO: [ app_begin ] --START--
INFO: Run Behavior\ReadHtmlCacheBehavior [ RunTime:0.001913s ]
INFO: [ app_begin ] --END-- [ RunTime:0.002148s ]
INFO: [ view_parse ] --START--
INFO: [ template_filter ] --START--
INFO: Run Behavior\ContentReplaceBehavior [ RunTime:0.000155s ]
INFO: [ template_filter ] --END-- [ RunTime:0.000404s ]
INFO: Run Behavior\ParseTemplateBehavior [ RunTime:0.020889s ]
INFO: [ view_parse ] --END-- [ RunTime:0.021136s ]
INFO: [ view_filter ] --START--
INFO: Run Behavior\WriteHtmlCacheBehavior [ RunTime:0.003144s ]
INFO: [ view_filter ] --END-- [ RunTime:0.003380s ]
INFO: [ app_end ] --START--
INFO: Run Behavior\ShowPageTraceBehavior [ RunTime:0.001928s ]
INFO: [ app_end ] --END-- [ RunTime:0.002161s ]

[ 2016-04-12T18:00:12+08:00 ] ::1 /scy/index.php/Login/open.html?
INFO: [ app_init ] --START--
INFO: Run Behavior\BuildLiteBehavior [ RunTime:0.000051s ]
INFO: [ app_init ] --END-- [ RunTime:0.001302s ]
NOTIC: [8] Use of undefined constant URL_COMPAT - assumed 'URL_COMPAT' E:\wamp\www\scy\ThinkPHP\Library\Think\Dispatcher.class.php 第 177 行.
NOTIC: [8] Use of undefined constant URL_REWRITE - assumed 'URL_REWRITE' E:\wamp\www\scy\ThinkPHP\Library\Think\Dispatcher.class.php 第 179 行.
INFO: [ app_begin ] --START--
INFO: Run Behavior\ReadHtmlCacheBehavior [ RunTime:0.001958s ]
INFO: [ app_begin ] --END-- [ RunTime:0.002209s ]
INFO: [ view_parse ] --START--
INFO: [ template_filter ] --START--
INFO: Run Behavior\ContentReplaceBehavior [ RunTime:0.000161s ]
INFO: [ template_filter ] --END-- [ RunTime:0.000401s ]
INFO: Run Behavior\ParseTemplateBehavior [ RunTime:0.021410s ]
INFO: [ view_parse ] --END-- [ RunTime:0.021667s ]
INFO: [ view_filter ] --START--
INFO: Run Behavior\WriteHtmlCacheBehavior [ RunTime:0.001590s ]
INFO: [ view_filter ] --END-- [ RunTime:0.001803s ]
INFO: [ app_end ] --START--
INFO: Run Behavior\ShowPageTraceBehavior [ RunTime:0.001875s ]
INFO: [ app_end ] --END-- [ RunTime:0.002100s ]

[ 2016-04-12T18:00:15+08:00 ] ::1 /scy/index.php/Login/open.html?
INFO: [ app_init ] --START--
INFO: Run Behavior\BuildLiteBehavior [ RunTime:0.000047s ]
INFO: [ app_init ] --END-- [ RunTime:0.001122s ]
NOTIC: [8] Use of undefined constant URL_COMPAT - assumed 'URL_COMPAT' E:\wamp\www\scy\ThinkPHP\Library\Think\Dispatcher.class.php 第 177 行.
NOTIC: [8] Use of undefined constant URL_REWRITE - assumed 'URL_REWRITE' E:\wamp\www\scy\ThinkPHP\Library\Think\Dispatcher.class.php 第 179 行.
INFO: [ app_begin ] --START--
INFO: Run Behavior\ReadHtmlCacheBehavior [ RunTime:0.001759s ]
INFO: [ app_begin ] --END-- [ RunTime:0.001999s ]
INFO: [ view_parse ] --START--
INFO: [ template_filter ] --START--
INFO: Run Behavior\ContentReplaceBehavior [ RunTime:0.000151s ]
INFO: [ template_filter ] --END-- [ RunTime:0.000381s ]
INFO: Run Behavior\ParseTemplateBehavior [ RunTime:0.020973s ]
INFO: [ view_parse ] --END-- [ RunTime:0.021214s ]
INFO: [ view_filter ] --START--
INFO: Run Behavior\WriteHtmlCacheBehavior [ RunTime:0.001576s ]
INFO: [ view_filter ] --END-- [ RunTime:0.001791s ]
INFO: [ app_end ] --START--
INFO: Run Behavior\ShowPageTraceBehavior [ RunTime:0.001864s ]
INFO: [ app_end ] --END-- [ RunTime:0.002091s ]

[ 2016-04-12T18:00:16+08:00 ] ::1 /scy/index.php/Login/open.html?
INFO: [ app_init ] --START--
INFO: Run Behavior\BuildLiteBehavior [ RunTime:0.000050s ]
INFO: [ app_init ] --END-- [ RunTime:0.001337s ]
NOTIC: [8] Use of undefined constant URL_COMPAT - assumed 'URL_COMPAT' E:\wamp\www\scy\ThinkPHP\Library\Think\Dispatcher.class.php 第 177 行.
NOTIC: [8] Use of undefined constant URL_REWRITE - assumed 'URL_REWRITE' E:\wamp\www\scy\ThinkPHP\Library\Think\Dispatcher.class.php 第 179 行.
INFO: [ app_begin ] --START--
INFO: Run Behavior\ReadHtmlCacheBehavior [ RunTime:0.001820s ]
INFO: [ app_begin ] --END-- [ RunTime:0.002056s ]
INFO: [ view_parse ] --START--
INFO: [ template_filter ] --START--
INFO: Run Behavior\ContentReplaceBehavior [ RunTime:0.000151s ]
INFO: [ template_filter ] --END-- [ RunTime:0.000386s ]
INFO: Run Behavior\ParseTemplateBehavior [ RunTime:0.020918s ]
INFO: [ view_parse ] --END-- [ RunTime:0.021156s ]
INFO: [ view_filter ] --START--
INFO: Run Behavior\WriteHtmlCacheBehavior [ RunTime:0.001635s ]
INFO: [ view_filter ] --END-- [ RunTime:0.001853s ]
INFO: [ app_end ] --START--
INFO: Run Behavior\ShowPageTraceBehavior [ RunTime:0.002715s ]
INFO: [ app_end ] --END-- [ RunTime:0.002953s ]

[ 2016-04-12T18:02:45+08:00 ] ::1 /scy/index.php/Login/open.html?
INFO: [ app_init ] --START--
INFO: Run Behavior\BuildLiteBehavior [ RunTime:0.000052s ]
INFO: [ app_init ] --END-- [ RunTime:0.001123s ]
NOTIC: [8] Use of undefined constant URL_COMPAT - assumed 'URL_COMPAT' E:\wamp\www\scy\ThinkPHP\Library\Think\Dispatcher.class.php 第 177 行.
NOTIC: [8] Use of undefined constant URL_REWRITE - assumed 'URL_REWRITE' E:\wamp\www\scy\ThinkPHP\Library\Think\Dispatcher.class.php 第 179 行.
INFO: [ app_begin ] --START--
INFO: Run Behavior\ReadHtmlCacheBehavior [ RunTime:0.004169s ]
INFO: [ app_begin ] --END-- [ RunTime:0.004468s ]
INFO: [ view_parse ] --START--
INFO: [ template_filter ] --START--
INFO: Run Behavior\ContentReplaceBehavior [ RunTime:0.000155s ]
INFO: [ template_filter ] --END-- [ RunTime:0.000402s ]
INFO: Run Behavior\ParseTemplateBehavior [ RunTime:0.021116s ]
INFO: [ view_parse ] --END-- [ RunTime:0.021360s ]
INFO: [ view_filter ] --START--
INFO: Run Behavior\WriteHtmlCacheBehavior [ RunTime:0.001651s ]
INFO: [ view_filter ] --END-- [ RunTime:0.001879s ]
INFO: [ app_end ] --START--
INFO: Run Behavior\ShowPageTraceBehavior [ RunTime:0.002240s ]
INFO: [ app_end ] --END-- [ RunTime:0.002539s ]

[ 2016-04-12T18:05:52+08:00 ] ::1 /scy/index.php/Login/open.html?
INFO: [ app_init ] --START--
INFO: Run Behavior\BuildLiteBehavior [ RunTime:0.000048s ]
INFO: [ app_init ] --END-- [ RunTime:0.001130s ]
NOTIC: [8] Use of undefined constant URL_COMPAT - assumed 'URL_COMPAT' E:\wamp\www\scy\ThinkPHP\Library\Think\Dispatcher.class.php 第 177 行.
NOTIC: [8] Use of undefined constant URL_REWRITE - assumed 'URL_REWRITE' E:\wamp\www\scy\ThinkPHP\Library\Think\Dispatcher.class.php 第 179 行.
INFO: [ app_begin ] --START--
INFO: Run Behavior\ReadHtmlCacheBehavior [ RunTime:0.001938s ]
INFO: [ app_begin ] --END-- [ RunTime:0.002167s ]
INFO: [ view_parse ] --START--
INFO: [ template_filter ] --START--
INFO: Run Behavior\ContentReplaceBehavior [ RunTime:0.000155s ]
INFO: [ template_filter ] --END-- [ RunTime:0.000391s ]
INFO: Run Behavior\ParseTemplateBehavior [ RunTime:0.021271s ]
INFO: [ view_parse ] --END-- [ RunTime:0.021513s ]
INFO: [ view_filter ] --START--
INFO: Run Behavior\WriteHtmlCacheBehavior [ RunTime:0.001663s ]
INFO: [ view_filter ] --END-- [ RunTime:0.001876s ]
INFO: [ app_end ] --START--
INFO: Run Behavior\ShowPageTraceBehavior [ RunTime:0.001788s ]
INFO: [ app_end ] --END-- [ RunTime:0.002008s ]

[ 2016-04-12T18:06:08+08:00 ] ::1 /scy/index.php/Login/open.html?
INFO: [ app_init ] --START--
INFO: Run Behavior\BuildLiteBehavior [ RunTime:0.000050s ]
INFO: [ app_init ] --END-- [ RunTime:0.001309s ]
NOTIC: [8] Use of undefined constant URL_COMPAT - assumed 'URL_COMPAT' E:\wamp\www\scy\ThinkPHP\Library\Think\Dispatcher.class.php 第 177 行.
NOTIC: [8] Use of undefined constant URL_REWRITE - assumed 'URL_REWRITE' E:\wamp\www\scy\ThinkPHP\Library\Think\Dispatcher.class.php 第 179 行.
INFO: [ app_begin ] --START--
INFO: Run Behavior\ReadHtmlCacheBehavior [ RunTime:0.002486s ]
INFO: [ app_begin ] --END-- [ RunTime:0.002946s ]
INFO: [ view_parse ] --START--
INFO: [ template_filter ] --START--
INFO: Run Behavior\ContentReplaceBehavior [ RunTime:0.000154s ]
INFO: [ template_filter ] --END-- [ RunTime:0.000390s ]
INFO: Run Behavior\ParseTemplateBehavior [ RunTime:0.026735s ]
INFO: [ view_parse ] --END-- [ RunTime:0.026992s ]
INFO: [ view_filter ] --START--
INFO: Run Behavior\WriteHtmlCacheBehavior [ RunTime:0.007793s ]
INFO: [ view_filter ] --END-- [ RunTime:0.008076s ]
INFO: [ app_end ] --START--
INFO: Run Behavior\ShowPageTraceBehavior [ RunTime:0.002014s ]
INFO: [ app_end ] --END-- [ RunTime:0.002248s ]

[ 2016-04-12T18:10:31+08:00 ] ::1 /scy/index.php/Login/open.html?
INFO: [ app_init ] --START--
INFO: Run Behavior\BuildLiteBehavior [ RunTime:0.000050s ]
INFO: [ app_init ] --END-- [ RunTime:0.002023s ]
NOTIC: [8] Use of undefined constant URL_COMPAT - assumed 'URL_COMPAT' E:\wamp\www\scy\ThinkPHP\Library\Think\Dispatcher.class.php 第 177 行.
NOTIC: [8] Use of undefined constant URL_REWRITE - assumed 'URL_REWRITE' E:\wamp\www\scy\ThinkPHP\Library\Think\Dispatcher.class.php 第 179 行.
INFO: [ app_begin ] --START--
INFO: Run Behavior\ReadHtmlCacheBehavior [ RunTime:0.001931s ]
INFO: [ app_begin ] --END-- [ RunTime:0.002171s ]
INFO: [ view_parse ] --START--
INFO: [ template_filter ] --START--
INFO: Run Behavior\ContentReplaceBehavior [ RunTime:0.000155s ]
INFO: [ template_filter ] --END-- [ RunTime:0.000405s ]
INFO: Run Behavior\ParseTemplateBehavior [ RunTime:0.023802s ]
INFO: [ view_parse ] --END-- [ RunTime:0.024497s ]
INFO: [ view_filter ] --START--
INFO: Run Behavior\WriteHtmlCacheBehavior [ RunTime:0.001736s ]
INFO: [ view_filter ] --END-- [ RunTime:0.001960s ]
INFO: [ app_end ] --START--
INFO: Run Behavior\ShowPageTraceBehavior [ RunTime:0.001932s ]
INFO: [ app_end ] --END-- [ RunTime:0.002164s ]

[ 2016-04-12T18:10:36+08:00 ] ::1 /scy/index.php/Login/scy/index.php/Login/register.html
INFO: [ app_init ] --START--
INFO: Run Behavior\BuildLiteBehavior [ RunTime:0.000048s ]
INFO: [ app_init ] --END-- [ RunTime:0.001143s ]
NOTIC: [8] Use of undefined constant URL_COMPAT - assumed 'URL_COMPAT' E:\wamp\www\scy\ThinkPHP\Library\Think\Dispatcher.class.php 第 177 行.
NOTIC: [8] Use of undefined constant URL_REWRITE - assumed 'URL_REWRITE' E:\wamp\www\scy\ThinkPHP\Library\Think\Dispatcher.class.php 第 179 行.
INFO: [ app_begin ] --START--
INFO: Run Behavior\ReadHtmlCacheBehavior [ RunTime:0.002337s ]
INFO: [ app_begin ] --END-- [ RunTime:0.002583s ]
ERR: 非法操作:scy

[ 2016-04-12T18:11:10+08:00 ] ::1 /scy/index.php/Login/scy/index.php/Login/register.html
INFO: [ app_init ] --START--
INFO: Run Behavior\BuildLiteBehavior [ RunTime:0.000047s ]
INFO: [ app_init ] --END-- [ RunTime:0.001109s ]
NOTIC: [8] Use of undefined constant URL_COMPAT - assumed 'URL_COMPAT' E:\wamp\www\scy\ThinkPHP\Library\Think\Dispatcher.class.php 第 177 行.
NOTIC: [8] Use of undefined constant URL_REWRITE - assumed 'URL_REWRITE' E:\wamp\www\scy\ThinkPHP\Library\Think\Dispatcher.class.php 第 179 行.
INFO: [ app_begin ] --START--
INFO: Run Behavior\ReadHtmlCacheBehavior [ RunTime:0.001966s ]
INFO: [ app_begin ] --END-- [ RunTime:0.002252s ]
ERR: 非法操作:scy

[ 2016-04-12T18:11:13+08:00 ] ::1 /scy/index.php/Login/open.html?
INFO: [ app_init ] --START--
INFO: Run Behavior\BuildLiteBehavior [ RunTime:0.000049s ]
INFO: [ app_init ] --END-- [ RunTime:0.001244s ]
NOTIC: [8] Use of undefined constant URL_COMPAT - assumed 'URL_COMPAT' E:\wamp\www\scy\ThinkPHP\Library\Think\Dispatcher.class.php 第 177 行.
NOTIC: [8] Use of undefined constant URL_REWRITE - assumed 'URL_REWRITE' E:\wamp\www\scy\ThinkPHP\Library\Think\Dispatcher.class.php 第 179 行.
INFO: [ app_begin ] --START--
INFO: Run Behavior\ReadHtmlCacheBehavior [ RunTime:0.002007s ]
INFO: [ app_begin ] --END-- [ RunTime:0.002246s ]
INFO: [ view_parse ] --START--
INFO: [ template_filter ] --START--
INFO: Run Behavior\ContentReplaceBehavior [ RunTime:0.000153s ]
INFO: [ template_filter ] --END-- [ RunTime:0.000386s ]
INFO: Run Behavior\ParseTemplateBehavior [ RunTime:0.021800s ]
INFO: [ view_parse ] --END-- [ RunTime:0.022072s ]
INFO: [ view_filter ] --START--
INFO: Run Behavior\WriteHtmlCacheBehavior [ RunTime:0.001747s ]
INFO: [ view_filter ] --END-- [ RunTime:0.001969s ]
INFO: [ app_end ] --START--
INFO: Run Behavior\ShowPageTraceBehavior [ RunTime:0.001908s ]
INFO: [ app_end ] --END-- [ RunTime:0.002131s ]

[ 2016-04-12T18:11:15+08:00 ] ::1 /scy/index.php/Login/open.html?
INFO: [ app_init ] --START--
INFO: Run Behavior\BuildLiteBehavior [ RunTime:0.000051s ]
INFO: [ app_init ] --END-- [ RunTime:0.001371s ]
NOTIC: [8] Use of undefined constant URL_COMPAT - assumed 'URL_COMPAT' E:\wamp\www\scy\ThinkPHP\Library\Think\Dispatcher.class.php 第 177 行.
NOTIC: [8] Use of undefined constant URL_REWRITE - assumed 'URL_REWRITE' E:\wamp\www\scy\ThinkPHP\Library\Think\Dispatcher.class.php 第 179 行.
INFO: [ app_begin ] --START--
INFO: Run Behavior\ReadHtmlCacheBehavior [ RunTime:0.002041s ]
INFO: [ app_begin ] --END-- [ RunTime:0.002279s ]
INFO: [ view_parse ] --START--
INFO: [ template_filter ] --START--
INFO: Run Behavior\ContentReplaceBehavior [ RunTime:0.000152s ]
INFO: [ template_filter ] --END-- [ RunTime:0.000395s ]
INFO: Run Behavior\ParseTemplateBehavior [ RunTime:0.021147s ]
INFO: [ view_parse ] --END-- [ RunTime:0.021421s ]
INFO: [ view_filter ] --START--
INFO: Run Behavior\WriteHtmlCacheBehavior [ RunTime:0.001941s ]
INFO: [ view_filter ] --END-- [ RunTime:0.002204s ]
INFO: [ app_end ] --START--
INFO: Run Behavior\ShowPageTraceBehavior [ RunTime:0.002106s ]
INFO: [ app_end ] --END-- [ RunTime:0.002351s ]

[ 2016-04-12T18:11:18+08:00 ] ::1 /scy/index.php/Login/register.html
INFO: [ app_init ] --START--
INFO: Run Behavior\BuildLiteBehavior [ RunTime:0.000050s ]
INFO: [ app_init ] --END-- [ RunTime:0.001289s ]
NOTIC: [8] Use of undefined constant URL_COMPAT - assumed 'URL_COMPAT' E:\wamp\www\scy\ThinkPHP\Library\Think\Dispatcher.class.php 第 177 行.
NOTIC: [8] Use of undefined constant URL_REWRITE - assumed 'URL_REWRITE' E:\wamp\www\scy\ThinkPHP\Library\Think\Dispatcher.class.php 第 179 行.
INFO: [ app_begin ] --START--
INFO: Run Behavior\ReadHtmlCacheBehavior [ RunTime:0.003050s ]
INFO: [ app_begin ] --END-- [ RunTime:0.003299s ]
INFO: [ view_parse ] --START--
INFO: [ template_filter ] --START--
INFO: Run Behavior\ContentReplaceBehavior [ RunTime:0.000152s ]
INFO: [ template_filter ] --END-- [ RunTime:0.000383s ]
INFO: Run Behavior\ParseTemplateBehavior [ RunTime:0.023826s ]
INFO: [ view_parse ] --END-- [ RunTime:0.024082s ]
INFO: [ view_filter ] --START--
INFO: Run Behavior\WriteHtmlCacheBehavior [ RunTime:0.001703s ]
INFO: [ view_filter ] --END-- [ RunTime:0.001926s ]
INFO: [ app_end ] --START--
INFO: Run Behavior\ShowPageTraceBehavior [ RunTime:0.006158s ]
INFO: [ app_end ] --END-- [ RunTime:0.006393s ]

[ 2016-04-12T18:16:27+08:00 ] ::1 /scy/index.php/Login/register.html
INFO: [ app_init ] --START--
INFO: Run Behavior\BuildLiteBehavior [ RunTime:0.000048s ]
INFO: [ app_init ] --END-- [ RunTime:0.001125s ]
NOTIC: [8] Use of undefined constant URL_COMPAT - assumed 'URL_COMPAT' E:\wamp\www\scy\ThinkPHP\Library\Think\Dispatcher.class.php 第 177 行.
NOTIC: [8] Use of undefined constant URL_REWRITE - assumed 'URL_REWRITE' E:\wamp\www\scy\ThinkPHP\Library\Think\Dispatcher.class.php 第 179 行.
INFO: [ app_begin ] --START--
INFO: Run Behavior\ReadHtmlCacheBehavior [ RunTime:0.002957s ]
INFO: [ app_begin ] --END-- [ RunTime:0.003241s ]
INFO: [ view_parse ] --START--
INFO: [ template_filter ] --START--
INFO: Run Behavior\ContentReplaceBehavior [ RunTime:0.000158s ]
INFO: [ template_filter ] --END-- [ RunTime:0.000524s ]
INFO: Run Behavior\ParseTemplateBehavior [ RunTime:0.022842s ]
INFO: [ view_parse ] --END-- [ RunTime:0.023090s ]
INFO: [ view_filter ] --START--
INFO: Run Behavior\WriteHtmlCacheBehavior [ RunTime:0.002084s ]
INFO: [ view_filter ] --END-- [ RunTime:0.002305s ]
INFO: [ app_end ] --START--
INFO: Run Behavior\ShowPageTraceBehavior [ RunTime:0.002558s ]
INFO: [ app_end ] --END-- [ RunTime:0.002793s ]

[ 2016-04-12T18:16:30+08:00 ] ::1 /scy/index.php/Login/open.html
INFO: [ app_init ] --START--
INFO: Run Behavior\BuildLiteBehavior [ RunTime:0.000054s ]
INFO: [ app_init ] --END-- [ RunTime:0.001315s ]
NOTIC: [8] Use of undefined constant URL_COMPAT - assumed 'URL_COMPAT' E:\wamp\www\scy\ThinkPHP\Library\Think\Dispatcher.class.php 第 177 行.
NOTIC: [8] Use of undefined constant URL_REWRITE - assumed 'URL_REWRITE' E:\wamp\www\scy\ThinkPHP\Library\Think\Dispatcher.class.php 第 179 行.
INFO: [ app_begin ] --START--
INFO: Run Behavior\ReadHtmlCacheBehavior [ RunTime:0.002111s ]
INFO: [ app_begin ] --END-- [ RunTime:0.002357s ]
INFO: [ view_parse ] --START--
INFO: [ template_filter ] --START--
INFO: Run Behavior\ContentReplaceBehavior [ RunTime:0.000154s ]
INFO: [ template_filter ] --END-- [ RunTime:0.000390s ]
INFO: Run Behavior\ParseTemplateBehavior [ RunTime:0.021413s ]
INFO: [ view_parse ] --END-- [ RunTime:0.021659s ]
INFO: [ view_filter ] --START--
INFO: Run Behavior\WriteHtmlCacheBehavior [ RunTime:0.001579s ]
INFO: [ view_filter ] --END-- [ RunTime:0.001795s ]
INFO: [ app_end ] --START--
INFO: Run Behavior\ShowPageTraceBehavior [ RunTime:0.001803s ]
INFO: [ app_end ] --END-- [ RunTime:0.002023s ]

[ 2016-04-12T18:16:35+08:00 ] ::1 /scy/index.php/Login/register.html
INFO: [ app_init ] --START--
INFO: Run Behavior\BuildLiteBehavior [ RunTime:0.000049s ]
INFO: [ app_init ] --END-- [ RunTime:0.001195s ]
NOTIC: [8] Use of undefined constant URL_COMPAT - assumed 'URL_COMPAT' E:\wamp\www\scy\ThinkPHP\Library\Think\Dispatcher.class.php 第 177 行.
NOTIC: [8] Use of undefined constant URL_REWRITE - assumed 'URL_REWRITE' E:\wamp\www\scy\ThinkPHP\Library\Think\Dispatcher.class.php 第 179 行.
INFO: [ app_begin ] --START--
INFO: Run Behavior\ReadHtmlCacheBehavior [ RunTime:0.001841s ]
INFO: [ app_begin ] --END-- [ RunTime:0.002076s ]
INFO: [ view_parse ] --START--
INFO: [ template_filter ] --START--
INFO: Run Behavior\ContentReplaceBehavior [ RunTime:0.000175s ]
INFO: [ template_filter ] --END-- [ RunTime:0.000499s ]
INFO: Run Behavior\ParseTemplateBehavior [ RunTime:0.021681s ]
INFO: [ view_parse ] --END-- [ RunTime:0.021928s ]
INFO: [ view_filter ] --START--
INFO: Run Behavior\WriteHtmlCacheBehavior [ RunTime:0.001670s ]
INFO: [ view_filter ] --END-- [ RunTime:0.001915s ]
INFO: [ app_end ] --START--
INFO: Run Behavior\ShowPageTraceBehavior [ RunTime:0.001854s ]
INFO: [ app_end ] --END-- [ RunTime:0.002076s ]

[ 2016-04-12T18:16:40+08:00 ] ::1 /scy/index.php/Login/register.html?
INFO: [ app_init ] --START--
INFO: Run Behavior\BuildLiteBehavior [ RunTime:0.000090s ]
INFO: [ app_init ] --END-- [ RunTime:0.001629s ]
NOTIC: [8] Use of undefined constant URL_COMPAT - assumed 'URL_COMPAT' E:\wamp\www\scy\ThinkPHP\Library\Think\Dispatcher.class.php 第 177 行.
NOTIC: [8] Use of undefined constant URL_REWRITE - assumed 'URL_REWRITE' E:\wamp\www\scy\ThinkPHP\Library\Think\Dispatcher.class.php 第 179 行.
INFO: [ app_begin ] --START--
INFO: Run Behavior\ReadHtmlCacheBehavior [ RunTime:0.003263s ]
INFO: [ app_begin ] --END-- [ RunTime:0.003700s ]
INFO: [ view_parse ] --START--
INFO: [ template_filter ] --START--
INFO: Run Behavior\ContentReplaceBehavior [ RunTime:0.000151s ]
INFO: [ template_filter ] --END-- [ RunTime:0.000384s ]
INFO: Run Behavior\ParseTemplateBehavior [ RunTime:0.026540s ]
INFO: [ view_parse ] --END-- [ RunTime:0.026836s ]
INFO: [ view_filter ] --START--
INFO: Run Behavior\WriteHtmlCacheBehavior [ RunTime:0.002106s ]
INFO: [ view_filter ] --END-- [ RunTime:0.002812s ]
INFO: [ app_end ] --START--
INFO: Run Behavior\ShowPageTraceBehavior [ RunTime:0.002602s ]
INFO: [ app_end ] --END-- [ RunTime:0.002845s ]

[ 2016-04-12T18:16:42+08:00 ] ::1 /scy/index.php/Login/open.html
INFO: [ app_init ] --START--
INFO: Run Behavior\BuildLiteBehavior [ RunTime:0.000048s ]
INFO: [ app_init ] --END-- [ RunTime:0.001246s ]
NOTIC: [8] Use of undefined constant URL_COMPAT - assumed 'URL_COMPAT' E:\wamp\www\scy\ThinkPHP\Library\Think\Dispatcher.class.php 第 177 行.
NOTIC: [8] Use of undefined constant URL_REWRITE - assumed 'URL_REWRITE' E:\wamp\www\scy\ThinkPHP\Library\Think\Dispatcher.class.php 第 179 行.
INFO: [ app_begin ] --START--
INFO: Run Behavior\ReadHtmlCacheBehavior [ RunTime:0.001877s ]
INFO: [ app_begin ] --END-- [ RunTime:0.002124s ]
INFO: [ view_parse ] --START--
INFO: [ template_filter ] --START--
INFO: Run Behavior\ContentReplaceBehavior [ RunTime:0.000151s ]
INFO: [ template_filter ] --END-- [ RunTime:0.000384s ]
INFO: Run Behavior\ParseTemplateBehavior [ RunTime:0.021525s ]
INFO: [ view_parse ] --END-- [ RunTime:0.021777s ]
INFO: [ view_filter ] --START--
INFO: Run Behavior\WriteHtmlCacheBehavior [ RunTime:0.001661s ]
INFO: [ view_filter ] --END-- [ RunTime:0.001875s ]
INFO: [ app_end ] --START--
INFO: Run Behavior\ShowPageTraceBehavior [ RunTime:0.001838s ]
INFO: [ app_end ] --END-- [ RunTime:0.002069s ]

[ 2016-04-12T18:16:46+08:00 ] ::1 /scy/index.php/Login/open.html?
INFO: [ app_init ] --START--
INFO: Run Behavior\BuildLiteBehavior [ RunTime:0.000051s ]
INFO: [ app_init ] --END-- [ RunTime:0.001627s ]
NOTIC: [8] Use of undefined constant URL_COMPAT - assumed 'URL_COMPAT' E:\wamp\www\scy\ThinkPHP\Library\Think\Dispatcher.class.php 第 177 行.
NOTIC: [8] Use of undefined constant URL_REWRITE - assumed 'URL_REWRITE' E:\wamp\www\scy\ThinkPHP\Library\Think\Dispatcher.class.php 第 179 行.
INFO: [ app_begin ] --START--
INFO: Run Behavior\ReadHtmlCacheBehavior [ RunTime:0.003810s ]
INFO: [ app_begin ] --END-- [ RunTime:0.004062s ]
INFO: [ view_parse ] --START--
INFO: [ template_filter ] --START--
INFO: Run Behavior\ContentReplaceBehavior [ RunTime:0.000159s ]
INFO: [ template_filter ] --END-- [ RunTime:0.000400s ]
INFO: Run Behavior\ParseTemplateBehavior [ RunTime:0.022792s ]
INFO: [ view_parse ] --END-- [ RunTime:0.024926s ]
INFO: [ view_filter ] --START--
INFO: Run Behavior\WriteHtmlCacheBehavior [ RunTime:0.001899s ]
INFO: [ view_filter ] --END-- [ RunTime:0.002132s ]
INFO: [ app_end ] --START--
INFO: Run Behavior\ShowPageTraceBehavior [ RunTime:0.002853s ]
INFO: [ app_end ] --END-- [ RunTime:0.003088s ]

[ 2016-04-12T18:17:24+08:00 ] ::1 /scy/index.php/Login/open.html?
INFO: [ app_init ] --START--
INFO: Run Behavior\BuildLiteBehavior [ RunTime:0.000295s ]
INFO: [ app_init ] --END-- [ RunTime:0.002607s ]
NOTIC: [8] Use of undefined constant URL_COMPAT - assumed 'URL_COMPAT' E:\wamp\www\scy\ThinkPHP\Library\Think\Dispatcher.class.php 第 177 行.
NOTIC: [8] Use of undefined constant URL_REWRITE - assumed 'URL_REWRITE' E:\wamp\www\scy\ThinkPHP\Library\Think\Dispatcher.class.php 第 179 行.
INFO: [ app_begin ] --START--
INFO: Run Behavior\ReadHtmlCacheBehavior [ RunTime:0.002301s ]
INFO: [ app_begin ] --END-- [ RunTime:0.002588s ]
INFO: [ view_parse ] --START--
INFO: [ template_filter ] --START--
INFO: Run Behavior\ContentReplaceBehavior [ RunTime:0.000152s ]
INFO: [ template_filter ] --END-- [ RunTime:0.000387s ]
INFO: Run Behavior\ParseTemplateBehavior [ RunTime:0.021657s ]
INFO: [ view_parse ] --END-- [ RunTime:0.021899s ]
INFO: [ view_filter ] --START--
INFO: Run Behavior\WriteHtmlCacheBehavior [ RunTime:0.001695s ]
INFO: [ view_filter ] --END-- [ RunTime:0.001909s ]
INFO: [ app_end ] --START--
INFO: Run Behavior\ShowPageTraceBehavior [ RunTime:0.001810s ]
INFO: [ app_end ] --END-- [ RunTime:0.002031s ]

[ 2016-04-12T18:17:25+08:00 ] ::1 /scy/index.php/Login/open.html?
INFO: [ app_init ] --START--
INFO: Run Behavior\BuildLiteBehavior [ RunTime:0.000050s ]
INFO: [ app_init ] --END-- [ RunTime:0.001555s ]
NOTIC: [8] Use of undefined constant URL_COMPAT - assumed 'URL_COMPAT' E:\wamp\www\scy\ThinkPHP\Library\Think\Dispatcher.class.php 第 177 行.
NOTIC: [8] Use of undefined constant URL_REWRITE - assumed 'URL_REWRITE' E:\wamp\www\scy\ThinkPHP\Library\Think\Dispatcher.class.php 第 179 行.
INFO: [ app_begin ] --START--
INFO: Run Behavior\ReadHtmlCacheBehavior [ RunTime:0.003883s ]
INFO: [ app_begin ] --END-- [ RunTime:0.004137s ]
INFO: [ view_parse ] --START--
INFO: [ template_filter ] --START--
INFO: Run Behavior\ContentReplaceBehavior [ RunTime:0.000156s ]
INFO: [ template_filter ] --END-- [ RunTime:0.000391s ]
INFO: Run Behavior\ParseTemplateBehavior [ RunTime:0.020042s ]
INFO: [ view_parse ] --END-- [ RunTime:0.020277s ]
INFO: [ view_filter ] --START--
INFO: Run Behavior\WriteHtmlCacheBehavior [ RunTime:0.001567s ]
INFO: [ view_filter ] --END-- [ RunTime:0.001780s ]
INFO: [ app_end ] --START--
INFO: Run Behavior\ShowPageTraceBehavior [ RunTime:0.003889s ]
INFO: [ app_end ] --END-- [ RunTime:0.004122s ]

[ 2016-04-12T18:17:58+08:00 ] ::1 /scy/index.php/Login/register.html
INFO: [ app_init ] --START--
INFO: Run Behavior\BuildLiteBehavior [ RunTime:0.000051s ]
INFO: [ app_init ] --END-- [ RunTime:0.001103s ]
NOTIC: [8] Use of undefined constant URL_COMPAT - assumed 'URL_COMPAT' E:\wamp\www\scy\ThinkPHP\Library\Think\Dispatcher.class.php 第 177 行.
NOTIC: [8] Use of undefined constant URL_REWRITE - assumed 'URL_REWRITE' E:\wamp\www\scy\ThinkPHP\Library\Think\Dispatcher.class.php 第 179 行.
INFO: [ app_begin ] --START--
INFO: Run Behavior\ReadHtmlCacheBehavior [ RunTime:0.002102s ]
INFO: [ app_begin ] --END-- [ RunTime:0.002343s ]
INFO: [ view_parse ] --START--
INFO: [ template_filter ] --START--
INFO: Run Behavior\ContentReplaceBehavior [ RunTime:0.000156s ]
INFO: [ template_filter ] --END-- [ RunTime:0.000396s ]
INFO: Run Behavior\ParseTemplateBehavior [ RunTime:0.021566s ]
INFO: [ view_parse ] --END-- [ RunTime:0.021821s ]
INFO: [ view_filter ] --START--
INFO: Run Behavior\WriteHtmlCacheBehavior [ RunTime:0.001605s ]
INFO: [ view_filter ] --END-- [ RunTime:0.001823s ]
INFO: [ app_end ] --START--
INFO: Run Behavior\ShowPageTraceBehavior [ RunTime:0.001830s ]
INFO: [ app_end ] --END-- [ RunTime:0.002053s ]

[ 2016-04-12T18:20:32+08:00 ] ::1 /scy/index.php/Login/open.html
INFO: [ app_init ] --START--
INFO: Run Behavior\BuildLiteBehavior [ RunTime:0.000050s ]
INFO: [ app_init ] --END-- [ RunTime:0.001331s ]
NOTIC: [8] Use of undefined constant URL_COMPAT - assumed 'URL_COMPAT' E:\wamp\www\scy\ThinkPHP\Library\Think\Dispatcher.class.php 第 177 行.
NOTIC: [8] Use of undefined constant URL_REWRITE - assumed 'URL_REWRITE' E:\wamp\www\scy\ThinkPHP\Library\Think\Dispatcher.class.php 第 179 行.
INFO: [ app_begin ] --START--
INFO: Run Behavior\ReadHtmlCacheBehavior [ RunTime:0.002171s ]
INFO: [ app_begin ] --END-- [ RunTime:0.002409s ]
INFO: [ view_parse ] --START--
INFO: [ template_filter ] --START--
INFO: Run Behavior\ContentReplaceBehavior [ RunTime:0.000165s ]
INFO: [ template_filter ] --END-- [ RunTime:0.000409s ]
INFO: Run Behavior\ParseTemplateBehavior [ RunTime:0.021450s ]
INFO: [ view_parse ] --END-- [ RunTime:0.021708s ]
INFO: [ view_filter ] --START--
INFO: Run Behavior\WriteHtmlCacheBehavior [ RunTime:0.001628s ]
INFO: [ view_filter ] --END-- [ RunTime:0.001842s ]
INFO: [ app_end ] --START--
INFO: Run Behavior\ShowPageTraceBehavior [ RunTime:0.002610s ]
INFO: [ app_end ] --END-- [ RunTime:0.003131s ]

[ 2016-04-12T18:21:48+08:00 ] ::1 /scy/index.php/Message/gustbook.html
INFO: [ app_init ] --START--
INFO: Run Behavior\BuildLiteBehavior [ RunTime:0.000049s ]
INFO: [ app_init ] --END-- [ RunTime:0.001274s ]
NOTIC: [8] Use of undefined constant URL_COMPAT - assumed 'URL_COMPAT' E:\wamp\www\scy\ThinkPHP\Library\Think\Dispatcher.class.php 第 177 行.
NOTIC: [8] Use of undefined constant URL_REWRITE - assumed 'URL_REWRITE' E:\wamp\www\scy\ThinkPHP\Library\Think\Dispatcher.class.php 第 179 行.
INFO: [ app_begin ] --START--
INFO: Run Behavior\ReadHtmlCacheBehavior [ RunTime:0.001930s ]
INFO: [ app_begin ] --END-- [ RunTime:0.002163s ]
INFO: [ view_parse ] --START--
INFO: [ template_filter ] --START--
INFO: Run Behavior\ContentReplaceBehavior [ RunTime:0.000256s ]
INFO: [ template_filter ] --END-- [ RunTime:0.000577s ]
INFO: Run Behavior\ParseTemplateBehavior [ RunTime:0.091115s ]
INFO: [ view_parse ] --END-- [ RunTime:0.091385s ]
INFO: [ view_filter ] --START--
INFO: Run Behavior\WriteHtmlCacheBehavior [ RunTime:0.002549s ]
INFO: [ view_filter ] --END-- [ RunTime:0.002778s ]
INFO: [ app_end ] --START--
INFO: Run Behavior\ShowPageTraceBehavior [ RunTime:0.002875s ]
INFO: [ app_end ] --END-- [ RunTime:0.003344s ]

[ 2016-04-12T18:41:40+08:00 ] ::1 /scy/index.php/Message/gustbook.html
INFO: [ app_init ] --START--
INFO: Run Behavior\BuildLiteBehavior [ RunTime:0.000052s ]
INFO: [ app_init ] --END-- [ RunTime:0.001340s ]
NOTIC: [8] Use of undefined constant URL_COMPAT - assumed 'URL_COMPAT' E:\wamp\www\scy\ThinkPHP\Library\Think\Dispatcher.class.php 第 177 行.
NOTIC: [8] Use of undefined constant URL_REWRITE - assumed 'URL_REWRITE' E:\wamp\www\scy\ThinkPHP\Library\Think\Dispatcher.class.php 第 179 行.
INFO: [ app_begin ] --START--
INFO: Run Behavior\ReadHtmlCacheBehavior [ RunTime:0.002650s ]
INFO: [ app_begin ] --END-- [ RunTime:0.002909s ]
INFO: [ view_parse ] --START--
INFO: [ template_filter ] --START--
INFO: Run Behavior\ContentReplaceBehavior [ RunTime:0.000250s ]
INFO: [ template_filter ] --END-- [ RunTime:0.000532s ]
INFO: Run Behavior\ParseTemplateBehavior [ RunTime:0.027436s ]
INFO: [ view_parse ] --END-- [ RunTime:0.027723s ]
INFO: [ view_filter ] --START--
INFO: Run Behavior\WriteHtmlCacheBehavior [ RunTime:0.001667s ]
INFO: [ view_filter ] --END-- [ RunTime:0.001886s ]
INFO: [ app_end ] --START--
INFO: Run Behavior\ShowPageTraceBehavior [ RunTime:0.002938s ]
INFO: [ app_end ] --END-- [ RunTime:0.003189s ]

[ 2016-04-12T18:43:22+08:00 ] ::1 /scy/index.php/Message/gustbook.html
INFO: [ app_init ] --START--
INFO: Run Behavior\BuildLiteBehavior [ RunTime:0.000049s ]
INFO: [ app_init ] --END-- [ RunTime:0.001309s ]
NOTIC: [8] Use of undefined constant URL_COMPAT - assumed 'URL_COMPAT' E:\wamp\www\scy\ThinkPHP\Library\Think\Dispatcher.class.php 第 177 行.
NOTIC: [8] Use of undefined constant URL_REWRITE - assumed 'URL_REWRITE' E:\wamp\www\scy\ThinkPHP\Library\Think\Dispatcher.class.php 第 179 行.
INFO: [ app_begin ] --START--
INFO: Run Behavior\ReadHtmlCacheBehavior [ RunTime:0.002221s ]
INFO: [ app_begin ] --END-- [ RunTime:0.002710s ]
INFO: [ view_parse ] --START--
INFO: [ template_filter ] --START--
INFO: Run Behavior\ContentReplaceBehavior [ RunTime:0.000179s ]
INFO: [ template_filter ] --END-- [ RunTime:0.000413s ]
INFO: Run Behavior\ParseTemplateBehavior [ RunTime:0.025937s ]
INFO: [ view_parse ] --END-- [ RunTime:0.026176s ]
INFO: [ view_filter ] --START--
INFO: Run Behavior\WriteHtmlCacheBehavior [ RunTime:0.001659s ]
INFO: [ view_filter ] --END-- [ RunTime:0.001871s ]
INFO: [ app_end ] --START--
INFO: Run Behavior\ShowPageTraceBehavior [ RunTime:0.001819s ]
INFO: [ app_end ] --END-- [ RunTime:0.002035s ]

[ 2016-04-12T18:47:03+08:00 ] ::1 /scy/index.php/Message/gustbook.html
INFO: [ app_init ] --START--
INFO: Run Behavior\BuildLiteBehavior [ RunTime:0.000049s ]
INFO: [ app_init ] --END-- [ RunTime:0.001168s ]
NOTIC: [8] Use of undefined constant URL_COMPAT - assumed 'URL_COMPAT' E:\wamp\www\scy\ThinkPHP\Library\Think\Dispatcher.class.php 第 177 行.
NOTIC: [8] Use of undefined constant URL_REWRITE - assumed 'URL_REWRITE' E:\wamp\www\scy\ThinkPHP\Library\Think\Dispatcher.class.php 第 179 行.
INFO: [ app_begin ] --START--
INFO: Run Behavior\ReadHtmlCacheBehavior [ RunTime:0.002027s ]
INFO: [ app_begin ] --END-- [ RunTime:0.002274s ]
INFO: [ view_parse ] --START--
INFO: [ template_filter ] --START--
INFO: Run Behavior\ContentReplaceBehavior [ RunTime:0.000178s ]
INFO: [ template_filter ] --END-- [ RunTime:0.000416s ]
INFO: Run Behavior\ParseTemplateBehavior [ RunTime:0.023407s ]
INFO: [ view_parse ] --END-- [ RunTime:0.023644s ]
INFO: [ view_filter ] --START--
INFO: Run Behavior\WriteHtmlCacheBehavior [ RunTime:0.001556s ]
INFO: [ view_filter ] --END-- [ RunTime:0.001770s ]
INFO: [ app_end ] --START--
INFO: Run Behavior\ShowPageTraceBehavior [ RunTime:0.001821s ]
INFO: [ app_end ] --END-- [ RunTime:0.002046s ]

[ 2016-04-12T18:50:51+08:00 ] ::1 /scy/index.php/Message/gustbook.html
INFO: [ app_init ] --START--
INFO: Run Behavior\BuildLiteBehavior [ RunTime:0.000048s ]
INFO: [ app_init ] --END-- [ RunTime:0.001185s ]
NOTIC: [8] Use of undefined constant URL_COMPAT - assumed 'URL_COMPAT' E:\wamp\www\scy\ThinkPHP\Library\Think\Dispatcher.class.php 第 177 行.
NOTIC: [8] Use of undefined constant URL_REWRITE - assumed 'URL_REWRITE' E:\wamp\www\scy\ThinkPHP\Library\Think\Dispatcher.class.php 第 179 行.
INFO: [ app_begin ] --START--
INFO: Run Behavior\ReadHtmlCacheBehavior [ RunTime:0.004696s ]
INFO: [ app_begin ] --END-- [ RunTime:0.004938s ]
INFO: [ view_parse ] --START--
INFO: [ template_filter ] --START--
INFO: Run Behavior\ContentReplaceBehavior [ RunTime:0.000179s ]
INFO: [ template_filter ] --END-- [ RunTime:0.000414s ]
INFO: Run Behavior\ParseTemplateBehavior [ RunTime:0.026315s ]
INFO: [ view_parse ] --END-- [ RunTime:0.026623s ]
INFO: [ view_filter ] --START--
INFO: Run Behavior\WriteHtmlCacheBehavior [ RunTime:0.001734s ]
INFO: [ view_filter ] --END-- [ RunTime:0.001959s ]
INFO: [ app_end ] --START--
INFO: Run Behavior\ShowPageTraceBehavior [ RunTime:0.001822s ]
INFO: [ app_end ] --END-- [ RunTime:0.002039s ]

[ 2016-04-12T18:51:37+08:00 ] ::1 /scy/index.php/Message/gustbook.html
INFO: [ app_init ] --START--
INFO: Run Behavior\BuildLiteBehavior [ RunTime:0.000051s ]
INFO: [ app_init ] --END-- [ RunTime:0.001820s ]
NOTIC: [8] Use of undefined constant URL_COMPAT - assumed 'URL_COMPAT' E:\wamp\www\scy\ThinkPHP\Library\Think\Dispatcher.class.php 第 177 行.
NOTIC: [8] Use of undefined constant URL_REWRITE - assumed 'URL_REWRITE' E:\wamp\www\scy\ThinkPHP\Library\Think\Dispatcher.class.php 第 179 行.
INFO: [ app_begin ] --START--
INFO: Run Behavior\ReadHtmlCacheBehavior [ RunTime:0.002137s ]
INFO: [ app_begin ] --END-- [ RunTime:0.002377s ]
INFO: [ view_parse ] --START--
INFO: [ template_filter ] --START--
INFO: Run Behavior\ContentReplaceBehavior [ RunTime:0.000180s ]
INFO: [ template_filter ] --END-- [ RunTime:0.000422s ]
INFO: Run Behavior\ParseTemplateBehavior [ RunTime:0.026979s ]
INFO: [ view_parse ] --END-- [ RunTime:0.027261s ]
INFO: [ view_filter ] --START--
INFO: Run Behavior\WriteHtmlCacheBehavior [ RunTime:0.001754s ]
INFO: [ view_filter ] --END-- [ RunTime:0.001972s ]
INFO: [ app_end ] --START--
INFO: Run Behavior\ShowPageTraceBehavior [ RunTime:0.002010s ]
INFO: [ app_end ] --END-- [ RunTime:0.002241s ]

[ 2016-04-12T18:58:44+08:00 ] ::1 /scy/index.php/Message/gustbook.html
INFO: [ app_init ] --START--
INFO: Run Behavior\BuildLiteBehavior [ RunTime:0.000048s ]
INFO: [ app_init ] --END-- [ RunTime:0.001176s ]
NOTIC: [8] Use of undefined constant URL_COMPAT - assumed 'URL_COMPAT' E:\wamp\www\scy\ThinkPHP\Library\Think\Dispatcher.class.php 第 177 行.
NOTIC: [8] Use of undefined constant URL_REWRITE - assumed 'URL_REWRITE' E:\wamp\www\scy\ThinkPHP\Library\Think\Dispatcher.class.php 第 179 行.
INFO: [ app_begin ] --START--
INFO: Run Behavior\ReadHtmlCacheBehavior [ RunTime:0.002656s ]
INFO: [ app_begin ] --END-- [ RunTime:0.002898s ]
INFO: [ view_parse ] --START--
INFO: [ template_filter ] --START--
INFO: Run Behavior\ContentReplaceBehavior [ RunTime:0.000182s ]
INFO: [ template_filter ] --END-- [ RunTime:0.000419s ]
INFO: Run Behavior\ParseTemplateBehavior [ RunTime:0.023706s ]
INFO: [ view_parse ] --END-- [ RunTime:0.023940s ]
INFO: [ view_filter ] --START--
INFO: Run Behavior\WriteHtmlCacheBehavior [ RunTime:0.001615s ]
INFO: [ view_filter ] --END-- [ RunTime:0.001834s ]
INFO: [ app_end ] --START--
INFO: Run Behavior\ShowPageTraceBehavior [ RunTime:0.002263s ]
INFO: [ app_end ] --END-- [ RunTime:0.002488s ]

[ 2016-04-12T18:59:43+08:00 ] ::1 /scy/index.php/Message/gustbook.html
INFO: [ app_init ] --START--
INFO: Run Behavior\BuildLiteBehavior [ RunTime:0.000051s ]
INFO: [ app_init ] --END-- [ RunTime:0.001892s ]
NOTIC: [8] Use of undefined constant URL_COMPAT - assumed 'URL_COMPAT' E:\wamp\www\scy\ThinkPHP\Library\Think\Dispatcher.class.php 第 177 行.
NOTIC: [8] Use of undefined constant URL_REWRITE - assumed 'URL_REWRITE' E:\wamp\www\scy\ThinkPHP\Library\Think\Dispatcher.class.php 第 179 行.
INFO: [ app_begin ] --START--
INFO: Run Behavior\ReadHtmlCacheBehavior [ RunTime:0.001996s ]
INFO: [ app_begin ] --END-- [ RunTime:0.002237s ]
INFO: [ view_parse ] --START--
INFO: [ template_filter ] --START--
INFO: Run Behavior\ContentReplaceBehavior [ RunTime:0.000182s ]
INFO: [ template_filter ] --END-- [ RunTime:0.000424s ]
INFO: Run Behavior\ParseTemplateBehavior [ RunTime:0.022926s ]
INFO: [ view_parse ] --END-- [ RunTime:0.023174s ]
INFO: [ view_filter ] --START--
INFO: Run Behavior\WriteHtmlCacheBehavior [ RunTime:0.001799s ]
INFO: [ view_filter ] --END-- [ RunTime:0.002090s ]
INFO: [ app_end ] --START--
INFO: Run Behavior\ShowPageTraceBehavior [ RunTime:0.001895s ]
INFO: [ app_end ] --END-- [ RunTime:0.002122s ]

[ 2016-04-12T19:03:38+08:00 ] ::1 /scy/index.php/Message/gustbook.html
INFO: [ app_init ] --START--
INFO: Run Behavior\BuildLiteBehavior [ RunTime:0.000515s ]
INFO: [ app_init ] --END-- [ RunTime:0.001754s ]
NOTIC: [8] Use of undefined constant URL_COMPAT - assumed 'URL_COMPAT' E:\wamp\www\scy\ThinkPHP\Library\Think\Dispatcher.class.php 第 177 行.
NOTIC: [8] Use of undefined constant URL_REWRITE - assumed 'URL_REWRITE' E:\wamp\www\scy\ThinkPHP\Library\Think\Dispatcher.class.php 第 179 行.
INFO: [ app_begin ] --START--
INFO: Run Behavior\ReadHtmlCacheBehavior [ RunTime:0.003304s ]
INFO: [ app_begin ] --END-- [ RunTime:0.003560s ]
INFO: [ view_parse ] --START--
INFO: [ template_filter ] --START--
INFO: Run Behavior\ContentReplaceBehavior [ RunTime:0.000197s ]
INFO: [ template_filter ] --END-- [ RunTime:0.000433s ]
INFO: Run Behavior\ParseTemplateBehavior [ RunTime:0.024281s ]
INFO: [ view_parse ] --END-- [ RunTime:0.024611s ]
INFO: [ view_filter ] --START--
INFO: Run Behavior\WriteHtmlCacheBehavior [ RunTime:0.002209s ]
INFO: [ view_filter ] --END-- [ RunTime:0.002438s ]
INFO: [ app_end ] --START--
INFO: Run Behavior\ShowPageTraceBehavior [ RunTime:0.002366s ]
INFO: [ app_end ] --END-- [ RunTime:0.002618s ]

[ 2016-04-12T19:12:02+08:00 ] ::1 /scy/index.php/Message/gustbook.html
INFO: [ app_init ] --START--
INFO: Run Behavior\BuildLiteBehavior [ RunTime:0.000049s ]
INFO: [ app_init ] --END-- [ RunTime:0.001180s ]
NOTIC: [8] Use of undefined constant URL_COMPAT - assumed 'URL_COMPAT' E:\wamp\www\scy\ThinkPHP\Library\Think\Dispatcher.class.php 第 177 行.
NOTIC: [8] Use of undefined constant URL_REWRITE - assumed 'URL_REWRITE' E:\wamp\www\scy\ThinkPHP\Library\Think\Dispatcher.class.php 第 179 行.
INFO: [ app_begin ] --START--
INFO: Run Behavior\ReadHtmlCacheBehavior [ RunTime:0.002036s ]
INFO: [ app_begin ] --END-- [ RunTime:0.002271s ]
INFO: [ view_parse ] --START--
INFO: [ template_filter ] --START--
INFO: Run Behavior\ContentReplaceBehavior [ RunTime:0.000183s ]
INFO: [ template_filter ] --END-- [ RunTime:0.000431s ]
INFO: Run Behavior\ParseTemplateBehavior [ RunTime:0.023377s ]
INFO: [ view_parse ] --END-- [ RunTime:0.023637s ]
INFO: [ view_filter ] --START--
INFO: Run Behavior\WriteHtmlCacheBehavior [ RunTime:0.002903s ]
INFO: [ view_filter ] --END-- [ RunTime:0.003226s ]
INFO: [ app_end ] --START--
INFO: Run Behavior\ShowPageTraceBehavior [ RunTime:0.002109s ]
INFO: [ app_end ] --END-- [ RunTime:0.002339s ]

[ 2016-04-12T19:13:17+08:00 ] ::1 /scy/index.php/Message/gustbook.html
INFO: [ app_init ] --START--
INFO: Run Behavior\BuildLiteBehavior [ RunTime:0.000048s ]
INFO: [ app_init ] --END-- [ RunTime:0.001139s ]
NOTIC: [8] Use of undefined constant URL_COMPAT - assumed 'URL_COMPAT' E:\wamp\www\scy\ThinkPHP\Library\Think\Dispatcher.class.php 第 177 行.
NOTIC: [8] Use of undefined constant URL_REWRITE - assumed 'URL_REWRITE' E:\wamp\www\scy\ThinkPHP\Library\Think\Dispatcher.class.php 第 179 行.
INFO: [ app_begin ] --START--
INFO: Run Behavior\ReadHtmlCacheBehavior [ RunTime:0.002040s ]
INFO: [ app_begin ] --END-- [ RunTime:0.002288s ]
INFO: [ view_parse ] --START--
INFO: [ template_filter ] --START--
INFO: Run Behavior\ContentReplaceBehavior [ RunTime:0.000181s ]
INFO: [ template_filter ] --END-- [ RunTime:0.000413s ]
INFO: Run Behavior\ParseTemplateBehavior [ RunTime:0.023397s ]
INFO: [ view_parse ] --END-- [ RunTime:0.023634s ]
INFO: [ view_filter ] --START--
INFO: Run Behavior\WriteHtmlCacheBehavior [ RunTime:0.002837s ]
INFO: [ view_filter ] --END-- [ RunTime:0.003074s ]
INFO: [ app_end ] --START--
INFO: Run Behavior\ShowPageTraceBehavior [ RunTime:0.002158s ]
INFO: [ app_end ] --END-- [ RunTime:0.002397s ]

[ 2016-04-12T19:13:32+08:00 ] ::1 /scy/index.php/Message/gustbook.html
INFO: [ app_init ] --START--
INFO: Run Behavior\BuildLiteBehavior [ RunTime:0.000054s ]
INFO: [ app_init ] --END-- [ RunTime:0.001357s ]
NOTIC: [8] Use of undefined constant URL_COMPAT - assumed 'URL_COMPAT' E:\wamp\www\scy\ThinkPHP\Library\Think\Dispatcher.class.php 第 177 行.
NOTIC: [8] Use of undefined constant URL_REWRITE - assumed 'URL_REWRITE' E:\wamp\www\scy\ThinkPHP\Library\Think\Dispatcher.class.php 第 179 行.
INFO: [ app_begin ] --START--
INFO: Run Behavior\ReadHtmlCacheBehavior [ RunTime:0.001973s ]
INFO: [ app_begin ] --END-- [ RunTime:0.002209s ]
INFO: [ view_parse ] --START--
INFO: [ template_filter ] --START--
INFO: Run Behavior\ContentReplaceBehavior [ RunTime:0.000184s ]
INFO: [ template_filter ] --END-- [ RunTime:0.000424s ]
INFO: Run Behavior\ParseTemplateBehavior [ RunTime:0.024962s ]
INFO: [ view_parse ] --END-- [ RunTime:0.025209s ]
INFO: [ view_filter ] --START--
INFO: Run Behavior\WriteHtmlCacheBehavior [ RunTime:0.001604s ]
INFO: [ view_filter ] --END-- [ RunTime:0.001842s ]
INFO: [ app_end ] --START--
INFO: Run Behavior\ShowPageTraceBehavior [ RunTime:0.002161s ]
INFO: [ app_end ] --END-- [ RunTime:0.002387s ]

[ 2016-04-12T19:14:43+08:00 ] ::1 /scy/index.php/Message/gustbook.html
INFO: [ app_init ] --START--
INFO: Run Behavior\BuildLiteBehavior [ RunTime:0.000048s ]
INFO: [ app_init ] --END-- [ RunTime:0.001177s ]
NOTIC: [8] Use of undefined constant URL_COMPAT - assumed 'URL_COMPAT' E:\wamp\www\scy\ThinkPHP\Library\Think\Dispatcher.class.php 第 177 行.
NOTIC: [8] Use of undefined constant URL_REWRITE - assumed 'URL_REWRITE' E:\wamp\www\scy\ThinkPHP\Library\Think\Dispatcher.class.php 第 179 行.
INFO: [ app_begin ] --START--
INFO: Run Behavior\ReadHtmlCacheBehavior [ RunTime:0.001847s ]
INFO: [ app_begin ] --END-- [ RunTime:0.002084s ]
INFO: [ view_parse ] --START--
INFO: [ template_filter ] --START--
INFO: Run Behavior\ContentReplaceBehavior [ RunTime:0.000177s ]
INFO: [ template_filter ] --END-- [ RunTime:0.000412s ]
INFO: Run Behavior\ParseTemplateBehavior [ RunTime:0.023777s ]
INFO: [ view_parse ] --END-- [ RunTime:0.024013s ]
INFO: [ view_filter ] --START--
INFO: Run Behavior\WriteHtmlCacheBehavior [ RunTime:0.001594s ]
INFO: [ view_filter ] --END-- [ RunTime:0.001811s ]
INFO: [ app_end ] --START--
INFO: Run Behavior\ShowPageTraceBehavior [ RunTime:0.001856s ]
INFO: [ app_end ] --END-- [ RunTime:0.002082s ]

[ 2016-04-12T19:16:18+08:00 ] ::1 /scy/index.php/Message/gustbook.html
INFO: [ app_init ] --START--
INFO: Run Behavior\BuildLiteBehavior [ RunTime:0.000048s ]
INFO: [ app_init ] --END-- [ RunTime:0.001174s ]
NOTIC: [8] Use of undefined constant URL_COMPAT - assumed 'URL_COMPAT' E:\wamp\www\scy\ThinkPHP\Library\Think\Dispatcher.class.php 第 177 行.
NOTIC: [8] Use of undefined constant URL_REWRITE - assumed 'URL_REWRITE' E:\wamp\www\scy\ThinkPHP\Library\Think\Dispatcher.class.php 第 179 行.
INFO: [ app_begin ] --START--
INFO: Run Behavior\ReadHtmlCacheBehavior [ RunTime:0.002025s ]
INFO: [ app_begin ] --END-- [ RunTime:0.002275s ]
INFO: [ view_parse ] --START--
INFO: [ template_filter ] --START--
INFO: Run Behavior\ContentReplaceBehavior [ RunTime:0.000177s ]
INFO: [ template_filter ] --END-- [ RunTime:0.000420s ]
INFO: Run Behavior\ParseTemplateBehavior [ RunTime:0.023167s ]
INFO: [ view_parse ] --END-- [ RunTime:0.023418s ]
INFO: [ view_filter ] --START--
INFO: Run Behavior\WriteHtmlCacheBehavior [ RunTime:0.001827s ]
INFO: [ view_filter ] --END-- [ RunTime:0.002048s ]
INFO: [ app_end ] --START--
INFO: Run Behavior\ShowPageTraceBehavior [ RunTime:0.002793s ]
INFO: [ app_end ] --END-- [ RunTime:0.003393s ]

[ 2016-04-12T19:20:26+08:00 ] ::1 /scy/index.php/Message/gustbook.html
INFO: [ app_init ] --START--
INFO: Run Behavior\BuildLiteBehavior [ RunTime:0.000050s ]
INFO: [ app_init ] --END-- [ RunTime:0.001265s ]
NOTIC: [8] Use of undefined constant URL_COMPAT - assumed 'URL_COMPAT' E:\wamp\www\scy\ThinkPHP\Library\Think\Dispatcher.class.php 第 177 行.
NOTIC: [8] Use of undefined constant URL_REWRITE - assumed 'URL_REWRITE' E:\wamp\www\scy\ThinkPHP\Library\Think\Dispatcher.class.php 第 179 行.
INFO: [ app_begin ] --START--
INFO: Run Behavior\ReadHtmlCacheBehavior [ RunTime:0.002712s ]
INFO: [ app_begin ] --END-- [ RunTime:0.002965s ]
INFO: [ view_parse ] --START--
INFO: [ template_filter ] --START--
INFO: Run Behavior\ContentReplaceBehavior [ RunTime:0.000231s ]
INFO: [ template_filter ] --END-- [ RunTime:0.000471s ]
INFO: Run Behavior\ParseTemplateBehavior [ RunTime:0.025139s ]
INFO: [ view_parse ] --END-- [ RunTime:0.025669s ]
INFO: [ view_filter ] --START--
INFO: Run Behavior\WriteHtmlCacheBehavior [ RunTime:0.002029s ]
INFO: [ view_filter ] --END-- [ RunTime:0.002263s ]
INFO: [ app_end ] --START--
INFO: Run Behavior\ShowPageTraceBehavior [ RunTime:0.001864s ]
INFO: [ app_end ] --END-- [ RunTime:0.002552s ]

[ 2016-04-12T19:26:54+08:00 ] ::1 /scy/index.php/Message/gustbook.html
INFO: [ app_init ] --START--
INFO: Run Behavior\BuildLiteBehavior [ RunTime:0.000055s ]
INFO: [ app_init ] --END-- [ RunTime:0.001530s ]
NOTIC: [8] Use of undefined constant URL_COMPAT - assumed 'URL_COMPAT' E:\wamp\www\scy\ThinkPHP\Library\Think\Dispatcher.class.php 第 177 行.
NOTIC: [8] Use of undefined constant URL_REWRITE - assumed 'URL_REWRITE' E:\wamp\www\scy\ThinkPHP\Library\Think\Dispatcher.class.php 第 179 行.
INFO: [ app_begin ] --START--
INFO: Run Behavior\ReadHtmlCacheBehavior [ RunTime:0.001978s ]
INFO: [ app_begin ] --END-- [ RunTime:0.002207s ]
INFO: [ view_parse ] --START--
INFO: [ template_filter ] --START--
INFO: Run Behavior\ContentReplaceBehavior [ RunTime:0.000181s ]
INFO: [ template_filter ] --END-- [ RunTime:0.000409s ]
INFO: Run Behavior\ParseTemplateBehavior [ RunTime:0.025932s ]
INFO: [ view_parse ] --END-- [ RunTime:0.026177s ]
INFO: [ view_filter ] --START--
INFO: Run Behavior\WriteHtmlCacheBehavior [ RunTime:0.001637s ]
INFO: [ view_filter ] --END-- [ RunTime:0.001852s ]
INFO: [ app_end ] --START--
INFO: Run Behavior\ShowPageTraceBehavior [ RunTime:0.002185s ]
INFO: [ app_end ] --END-- [ RunTime:0.002417s ]

[ 2016-04-12T19:30:12+08:00 ] ::1 /scy/index.php/Message/gustbook.html
INFO: [ app_init ] --START--
INFO: Run Behavior\BuildLiteBehavior [ RunTime:0.000049s ]
INFO: [ app_init ] --END-- [ RunTime:0.001371s ]
NOTIC: [8] Use of undefined constant URL_COMPAT - assumed 'URL_COMPAT' E:\wamp\www\scy\ThinkPHP\Library\Think\Dispatcher.class.php 第 177 行.
NOTIC: [8] Use of undefined constant URL_REWRITE - assumed 'URL_REWRITE' E:\wamp\www\scy\ThinkPHP\Library\Think\Dispatcher.class.php 第 179 行.
INFO: [ app_begin ] --START--
INFO: Run Behavior\ReadHtmlCacheBehavior [ RunTime:0.002041s ]
INFO: [ app_begin ] --END-- [ RunTime:0.002274s ]
INFO: [ view_parse ] --START--
INFO: [ template_filter ] --START--
INFO: Run Behavior\ContentReplaceBehavior [ RunTime:0.000248s ]
INFO: [ template_filter ] --END-- [ RunTime:0.001775s ]
INFO: Run Behavior\ParseTemplateBehavior [ RunTime:0.035325s ]
INFO: [ view_parse ] --END-- [ RunTime:0.035564s ]
INFO: [ view_filter ] --START--
INFO: Run Behavior\WriteHtmlCacheBehavior [ RunTime:0.002766s ]
INFO: [ view_filter ] --END-- [ RunTime:0.003659s ]
INFO: [ app_end ] --START--
INFO: Run Behavior\ShowPageTraceBehavior [ RunTime:0.008084s ]
INFO: [ app_end ] --END-- [ RunTime:0.009830s ]

[ 2016-04-12T19:30:15+08:00 ] ::1 /scy/index.php/Message/gustbook.html
INFO: [ app_init ] --START--
INFO: Run Behavior\BuildLiteBehavior [ RunTime:0.000049s ]
INFO: [ app_init ] --END-- [ RunTime:0.001330s ]
NOTIC: [8] Use of undefined constant URL_COMPAT - assumed 'URL_COMPAT' E:\wamp\www\scy\ThinkPHP\Library\Think\Dispatcher.class.php 第 177 行.
NOTIC: [8] Use of undefined constant URL_REWRITE - assumed 'URL_REWRITE' E:\wamp\www\scy\ThinkPHP\Library\Think\Dispatcher.class.php 第 179 行.
INFO: [ app_begin ] --START--
INFO: Run Behavior\ReadHtmlCacheBehavior [ RunTime:0.003636s ]
INFO: [ app_begin ] --END-- [ RunTime:0.004142s ]
INFO: [ view_parse ] --START--
INFO: [ template_filter ] --START--
INFO: Run Behavior\ContentReplaceBehavior [ RunTime:0.000297s ]
INFO: [ template_filter ] --END-- [ RunTime:0.000528s ]
INFO: Run Behavior\ParseTemplateBehavior [ RunTime:0.032637s ]
INFO: [ view_parse ] --END-- [ RunTime:0.032881s ]
INFO: [ view_filter ] --START--
INFO: Run Behavior\WriteHtmlCacheBehavior [ RunTime:0.001766s ]
INFO: [ view_filter ] --END-- [ RunTime:0.001993s ]
INFO: [ app_end ] --START--
INFO: Run Behavior\ShowPageTraceBehavior [ RunTime:0.009822s ]
INFO: [ app_end ] --END-- [ RunTime:0.010689s ]

[ 2016-04-12T19:41:35+08:00 ] ::1 /scy/index.php/Message/gustbook.html
INFO: [ app_init ] --START--
INFO: Run Behavior\BuildLiteBehavior [ RunTime:0.000049s ]
INFO: [ app_init ] --END-- [ RunTime:0.001248s ]
NOTIC: [8] Use of undefined constant URL_COMPAT - assumed 'URL_COMPAT' E:\wamp\www\scy\ThinkPHP\Library\Think\Dispatcher.class.php 第 177 行.
NOTIC: [8] Use of undefined constant URL_REWRITE - assumed 'URL_REWRITE' E:\wamp\www\scy\ThinkPHP\Library\Think\Dispatcher.class.php 第 179 行.
INFO: [ app_begin ] --START--
INFO: Run Behavior\ReadHtmlCacheBehavior [ RunTime:0.002725s ]
INFO: [ app_begin ] --END-- [ RunTime:0.003001s ]
INFO: [ view_parse ] --START--
INFO: [ template_filter ] --START--
INFO: Run Behavior\ContentReplaceBehavior [ RunTime:0.000243s ]
INFO: [ template_filter ] --END-- [ RunTime:0.000482s ]
INFO: Run Behavior\ParseTemplateBehavior [ RunTime:0.031670s ]
INFO: [ view_parse ] --END-- [ RunTime:0.031952s ]
INFO: [ view_filter ] --START--
INFO: Run Behavior\WriteHtmlCacheBehavior [ RunTime:0.001918s ]
INFO: [ view_filter ] --END-- [ RunTime:0.002141s ]
INFO: [ app_end ] --START--
INFO: Run Behavior\ShowPageTraceBehavior [ RunTime:0.003146s ]
INFO: [ app_end ] --END-- [ RunTime:0.004852s ]

[ 2016-04-12T19:44:49+08:00 ] ::1 /scy/index.php/Message/gustbook.html
INFO: [ app_init ] --START--
INFO: Run Behavior\BuildLiteBehavior [ RunTime:0.000050s ]
INFO: [ app_init ] --END-- [ RunTime:0.001967s ]
NOTIC: [8] Use of undefined constant URL_COMPAT - assumed 'URL_COMPAT' E:\wamp\www\scy\ThinkPHP\Library\Think\Dispatcher.class.php 第 177 行.
NOTIC: [8] Use of undefined constant URL_REWRITE - assumed 'URL_REWRITE' E:\wamp\www\scy\ThinkPHP\Library\Think\Dispatcher.class.php 第 179 行.
INFO: [ app_begin ] --START--
INFO: Run Behavior\ReadHtmlCacheBehavior [ RunTime:0.002380s ]
INFO: [ app_begin ] --END-- [ RunTime:0.002617s ]
INFO: [ view_parse ] --START--
INFO: [ template_filter ] --START--
INFO: Run Behavior\ContentReplaceBehavior [ RunTime:0.000241s ]
INFO: [ template_filter ] --END-- [ RunTime:0.000473s ]
INFO: Run Behavior\ParseTemplateBehavior [ RunTime:0.030016s ]
INFO: [ view_parse ] --END-- [ RunTime:0.030254s ]
INFO: [ view_filter ] --START--
INFO: Run Behavior\WriteHtmlCacheBehavior [ RunTime:0.001623s ]
INFO: [ view_filter ] --END-- [ RunTime:0.001835s ]
INFO: [ app_end ] --START--
INFO: Run Behavior\ShowPageTraceBehavior [ RunTime:0.006005s ]
INFO: [ app_end ] --END-- [ RunTime:0.006470s ]

[ 2016-04-12T19:50:00+08:00 ] ::1 /scy/index.php/Message/gustbook.html
INFO: [ app_init ] --START--
INFO: Run Behavior\BuildLiteBehavior [ RunTime:0.000047s ]
INFO: [ app_init ] --END-- [ RunTime:0.001225s ]
NOTIC: [8] Use of undefined constant URL_COMPAT - assumed 'URL_COMPAT' E:\wamp\www\scy\ThinkPHP\Library\Think\Dispatcher.class.php 第 177 行.
NOTIC: [8] Use of undefined constant URL_REWRITE - assumed 'URL_REWRITE' E:\wamp\www\scy\ThinkPHP\Library\Think\Dispatcher.class.php 第 179 行.
INFO: [ app_begin ] --START--
INFO: Run Behavior\ReadHtmlCacheBehavior [ RunTime:0.001999s ]
INFO: [ app_begin ] --END-- [ RunTime:0.002230s ]
INFO: [ view_parse ] --START--
INFO: [ template_filter ] --START--
INFO: Run Behavior\ContentReplaceBehavior [ RunTime:0.000284s ]
INFO: [ template_filter ] --END-- [ RunTime:0.000516s ]
INFO: Run Behavior\ParseTemplateBehavior [ RunTime:0.037157s ]
INFO: [ view_parse ] --END-- [ RunTime:0.037396s ]
INFO: [ view_filter ] --START--
INFO: Run Behavior\WriteHtmlCacheBehavior [ RunTime:0.001680s ]
INFO: [ view_filter ] --END-- [ RunTime:0.001893s ]
INFO: [ app_end ] --START--
INFO: Run Behavior\ShowPageTraceBehavior [ RunTime:0.007977s ]
INFO: [ app_end ] --END-- [ RunTime:0.008955s ]

